This is TeX, Version 3.14159 (Web2c 7.2) (format=latex 1998.4.2)  11 JUL 2000 13:44
**ilcg
(ilcg.tex
LaTeX2e <1997/12/01> patch level 2
(c:\usr\share\texmf/tex/latex/base/latex209.def
File: latex209.def 1996/05/21 v0.51 Standard LaTeX file

Entering LaTeX 2.09 compatibility mode.
\footheight=\dimen102
\@maxsep=\dimen103
\@dblmaxsep=\dimen104
\@cla=\count79
\@clb=\count80
\mscount=\count81
(c:\usr\share\texmf/tex/latex/base/tracefnt.sty
Package: tracefnt 1997/05/29 v3.0j Standard LaTeX package (font tracing)
\tracingfonts=\count82
LaTeX Info: Redefining \selectfont on input line 139.
)
\symbold=\mathgroup4
\symsans=\mathgroup5
\symtypewriter=\mathgroup6
\symitalic=\mathgroup7
\symsmallcaps=\mathgroup8
\symslanted=\mathgroup9
LaTeX Font Info:    Redeclaring math alphabet \mathbf on input line 306.
LaTeX Font Info:    Redeclaring math alphabet \mathsf on input line 307.
LaTeX Font Info:    Redeclaring math alphabet \mathtt on input line 308.
LaTeX Font Info:    Redeclaring math alphabet \mathit on input line 314.
LaTeX Info: Redefining \em on input line 324.

(c:\usr\share\texmf/tex/latex/base/latexsym.sty
Package: latexsym 1996/11/20 v2.2d Standard LaTeX package (lasy symbols)
\symlasy=\mathgroup10
LaTeX Font Info:    Overwriting symbol font `lasy' in version `bold'
(Font)                  U/lasy/m/n --> U/lasy/b/n on input line 85.
)
LaTeX Font Info:    Redeclaring math delimiter \lgroup on input line 388.
LaTeX Font Info:    Redeclaring math delimiter \rgroup on input line 390.
LaTeX Font Info:    Redeclaring math delimiter \bracevert on input line 392.

(c:\usr\share\texmf/tex/latex/config/latex209.cfg
(c:\usr\share\texmf/tex/latex/tools/rawfonts.sty
Compatibility mode: package `' requested, but `rawfonts' provided.
Package: rawfonts 1994/05/08 Low-level LaTeX 2.09 font compatibility

(c:\usr\share\texmf/tex/latex/tools/somedefs.sty
Package: somedefs 1994/06/01 Toolkit for optional definitions
)
LaTeX Font Info:    Try loading font information for U+lasy on input line 36.

(c:\usr\share\texmf/tex/latex/base/ulasy.fd
File: ulasy.fd 1996/11/20 v2.2dLaTeX symbol font definitions
))))
(c:\usr\share\texmf/tex/latex/base/article.cls
Document Class: article 1997/10/10 v1.3x Standard LaTeX document class
(c:\usr\share\texmf/tex/latex/base/size10.clo
File: size10.clo 1997/10/10 v1.3x Standard LaTeX file (size option)
)
\c@part=\count83
\c@section=\count84
\c@subsection=\count85
\c@subsubsection=\count86
\c@paragraph=\count87
\c@subparagraph=\count88
\c@figure=\count89
\c@table=\count90
\abovecaptionskip=\skip41
\belowcaptionskip=\skip42
Compatibility mode: definition of \rm ignored.
Compatibility mode: definition of \sf ignored.
Compatibility mode: definition of \tt ignored.
Compatibility mode: definition of \bf ignored.
Compatibility mode: definition of \it ignored.
Compatibility mode: definition of \sl ignored.
Compatibility mode: definition of \sc ignored.
LaTeX Info: Redefining \cal on input line 542.
LaTeX Info: Redefining \mit on input line 543.
\bibindent=\dimen105
) (ilcg.aux)
\openout1 = `ilcg.aux'.

LaTeX Font Info:    Checking defaults for OML/cmm/m/it on input line 2.
LaTeX Font Info:    ... okay on input line 2.
LaTeX Font Info:    Checking defaults for T1/cmr/m/n on input line 2.
LaTeX Font Info:    ... okay on input line 2.
LaTeX Font Info:    Checking defaults for OT1/cmr/m/n on input line 2.
LaTeX Font Info:    ... okay on input line 2.
LaTeX Font Info:    Checking defaults for OMS/cmsy/m/n on input line 2.
LaTeX Font Info:    ... okay on input line 2.
LaTeX Font Info:    Checking defaults for OMX/cmex/m/n on input line 2.
LaTeX Font Info:    ... okay on input line 2.
LaTeX Font Info:    Checking defaults for U/cmr/m/n on input line 2.
LaTeX Font Info:    ... okay on input line 2.
LaTeX Font Info:    External font `cmex10' loaded for size
(Font)              <12> on input line 6.
LaTeX Font Info:    External font `cmex10' loaded for size
(Font)              <8> on input line 6.
LaTeX Font Info:    External font `cmex10' loaded for size
(Font)              <6> on input line 6.
 [1

]
LaTeX Font Info:    External font `cmex10' loaded for size
(Font)              <7> on input line 72.
LaTeX Font Info:    External font `cmex10' loaded for size
(Font)              <5> on input line 72.
 [2] [3] [4]
[5] [6] (ilcggram.tex
Overfull \hbox (38.24666pt too wide) in paragraph at lines 28--28
[]  \OT1/cmtt/m/n/10 eol = cr lf | cr | lf;        // This takes care of differ
ent platforms[] 
 []

[7] [8] [9]
Overfull \hbox (11.99689pt too wide) in paragraph at lines 220--220
[] \OT1/cmtt/m/n/10 comment = '/*' not_star* '*'+ (not_star_slash not_star* '*'
+)* '/';[] 
 []


Overfull \hbox (53.99652pt too wide) in paragraph at lines 220--220
[] \OT1/cmtt/m/n/10 tformat = {signed} signed|{unsigned}unsigned|{ieee32}ieee32
|{ieee63}ieee64;[] 
 []

[10]
Overfull \hbox (48.74657pt too wide) in paragraph at lines 220--220
[]\OT1/cmtt/m/n/10 condition={dyadic} dyadic bra [left]:condition comma [right]
:condition ket|[] 
 []


Overfull \hbox (32.9967pt too wide) in paragraph at lines 220--220
[] \OT1/cmtt/m/n/10 rhs= {number}number| {cast}bra type ket value|{const}const 
identifier |[] 
 []


Overfull \hbox (122.24593pt too wide) in paragraph at lines 220--220
[]\OT1/cmtt/m/n/10 registerdecl =  reservation reg aggregate format identifier 
assembles sbra string sket  ;[] 
 []


Overfull \hbox (190.49533pt too wide) in paragraph at lines 220--220
[]          \OT1/cmtt/m/n/10 [child]:identifier equals [parent]:identifier bra 
[lowbit]:intlit colon [highbit]:intlit ket[] 
 []


Overfull \hbox (32.9967pt too wide) in paragraph at lines 220--220
[]\OT1/cmtt/m/n/10 opdecl = operation identifier means operator assembles sbra 
string sket;[] 
 []


Overfull \hbox (95.99615pt too wide) in paragraph at lines 220--220
[]\OT1/cmtt/m/n/10 meaning = {value}value|{assign}assign|{goto}goto value|{if}i
f bra value ket meaning|[] 
 []


Overfull \hbox (116.99597pt too wide) in paragraph at lines 220--220
[] \OT1/cmtt/m/n/10 {for} for refval store [start]:value to [stop]:value step [
increment]:value do meaning|[] 
 []


Overfull \hbox (169.49551pt too wide) in paragraph at lines 220--220
[]\OT1/cmtt/m/n/10 patterndecl = pattern identifier paramlist means sbra meanin
g sket assemblesto sideeffects precond[] 
 []

[11]
Overfull \hbox (59.24648pt too wide) in paragraph at lines 220--220
[]              \OT1/cmtt/m/n/10 {alternatives} pattern identifier means sbra a
lternatives sket;[] 
 []


Overfull \hbox (90.7462pt too wide) in paragraph at lines 220--220
[]\OT1/cmtt/m/n/10 param = typeid identifier|{typeparam} typetoken identifier|{
label}label identifier;[] 
 []

) (/cpus/ia32.ilc [12] [13] [14]
Overfull \hbox (74.99634pt too wide) in paragraph at lines 148--148
[]\OT1/cmtt/m/n/10 address pattern basePlusScaledIndexPlusOffsetf(reg r1,reg r2
,scale s,signed off)[] 
 []


Overfull \hbox (1.49698pt too wide) in paragraph at lines 148--148
[]\OT1/cmtt/m/n/10 address pattern basePlusIndexPlusOffsetf(reg r1,reg r2,signe
d off)[] 
 []

[15]
Overfull \hbox (11.99689pt too wide) in paragraph at lines 182--182
[]\OT1/cmtt/m/n/10 pattern maddrmode(addrform f) means[mem(f) ] assembles[ '[' 
f ']' ];[] 
 []

[16]
Overfull \hbox (27.74675pt too wide) in paragraph at lines 265--265
[]\OT1/cmtt/m/n/10 instruction  pattern RMLIT(operator op,addrmode rm,  type t,
 signed sm)[] 
 []


Overfull \hbox (1.49698pt too wide) in paragraph at lines 265--265
[]\OT1/cmtt/m/n/10 instruction  pattern RRM(operator op, reg r1, maddrmode rm, 
int t)[] 
 []


Overfull \hbox (80.24629pt too wide) in paragraph at lines 265--265
[]\OT1/cmtt/m/n/10 assembles['push edx\nxchg eax,' r1 '\ncdq\ndiv   ' r2 '\npop
 edx\nxchg eax,' r1];[] 
 []

[17]
Overfull \hbox (11.99689pt too wide) in paragraph at lines 265--265
[]\OT1/cmtt/m/n/10 instruction pattern MOVSD(eaform i,creg cx, sreg si, dreg di
,type t)[] 
 []


Overfull \hbox (269.24464pt too wide) in paragraph at lines 265--265
[] \OT1/cmtt/m/n/10 means[for (ref t)mem(i) :=0 to ^(cx) step 1 do mem(+(^(di),
*(^(mem(i)),4))):= (word)^(mem(+(^(si),*(^(mem(i)),4))))][] 
 []


Overfull \hbox (11.99689pt too wide) in paragraph at lines 265--265
[]\OT1/cmtt/m/n/10 instruction pattern MOVSB(eaform i,creg cx, sreg si, dreg di
,type t)[] 
 []


Overfull \hbox (221.99506pt too wide) in paragraph at lines 265--265
[] \OT1/cmtt/m/n/10 means[for (ref t)mem(i) :=0 to ^(cx) step 1 do mem(+(^(di),
^(mem(i)))):= (octet)^(mem(+(^(si),^(mem(i)))))][] 
 []


Overfull \hbox (69.74638pt too wide) in paragraph at lines 265--265
[]\OT1/cmtt/m/n/10 instruction pattern IFLITGOTO(label l,addrform a,signed r2,c
ondition c, type t)[] 
 []


Overfull \hbox (1.49698pt too wide) in paragraph at lines 265--265
[]\OT1/cmtt/m/n/10 assembles['push eax\nmov eax,' r1 '\ncdq\ndiv   ' r2 '\npop 
eax'];[] 
 []

[18]
Overfull \hbox (101.24611pt too wide) in paragraph at lines 314--314
[]\OT1/cmtt/m/n/10 instructionset [NULMOV|MOVSB|MOVSD|LOAD|MOVZXB|MOVZXW|FSTR|S
TORELIT|INC|Negate|FSTRR|[] 
 []

) [19] [20] (ilcg.aux) ) 
Here is how much of TeX's memory you used:
 517 strings out of 10982
 5384 string characters out of 198810
 49543 words of memory out of 263001
 3394 multiletter control sequences out of 10000+0
 26011 words of font info for 96 fonts, out of 200000 for 1000
 14 hyphenation exceptions out of 1000
 21i,7n,20p,294b,283s stack positions out of 300i,100n,500p,30000b,4000s

Output written on ilcg.dvi (20 pages, 36300 bytes).
