2002.03.20 00:30 B D:\downloads\ftp\VPTeX\CodeLine.class <-- AdobeSystems /users/students3/teams/team01t/VectorPascal/VPTeX CodeLine.class
2002.03.20 00:30 B D:\downloads\ftp\VPTeX\CodeLine.java <-- AdobeSystems /users/students3/teams/team01t/VectorPascal/VPTeX CodeLine.java
2002.03.20 00:30 B D:\downloads\ftp\VPTeX\CommentLine.class <-- AdobeSystems /users/students3/teams/team01t/VectorPascal/VPTeX CommentLine.class
2002.03.20 00:30 B D:\downloads\ftp\VPTeX\CommentLine.java <-- AdobeSystems /users/students3/teams/team01t/VectorPascal/VPTeX CommentLine.java
2002.03.20 00:30 B D:\downloads\ftp\VPTeX\DeclarationLine.class <-- AdobeSystems /users/students3/teams/team01t/VectorPascal/VPTeX DeclarationLine.class
2002.03.20 00:30 B D:\downloads\ftp\VPTeX\DeclarationLine.java <-- AdobeSystems /users/students3/teams/team01t/VectorPascal/VPTeX DeclarationLine.java
2002.03.20 00:30 B D:\downloads\ftp\VPTeX\demo1.pas <-- AdobeSystems /users/students3/teams/team01t/VectorPascal/VPTeX demo1.pas
2002.03.20 00:30 B D:\downloads\ftp\VPTeX\EmptyLine.class <-- AdobeSystems /users/students3/teams/team01t/VectorPascal/VPTeX EmptyLine.class
2002.03.20 00:30 B D:\downloads\ftp\VPTeX\EmptyLine.java <-- AdobeSystems /users/students3/teams/team01t/VectorPascal/VPTeX EmptyLine.java
2002.03.20 00:30 B D:\downloads\ftp\VPTeX\ExpressionTree.class <-- AdobeSystems /users/students3/teams/team01t/VectorPascal/VPTeX ExpressionTree.class
2002.03.20 00:31 B D:\downloads\ftp\VPTeX\ExpressionTree.java <-- AdobeSystems /users/students3/teams/team01t/VectorPascal/VPTeX ExpressionTree.java
2002.03.20 00:31 B D:\downloads\ftp\VPTeX\Keywords.class <-- AdobeSystems /users/students3/teams/team01t/VectorPascal/VPTeX Keywords.class
2002.03.20 00:31 B D:\downloads\ftp\VPTeX\Keywords.java <-- AdobeSystems /users/students3/teams/team01t/VectorPascal/VPTeX Keywords.java
2002.03.20 00:31 B D:\downloads\ftp\VPTeX\Line.class <-- AdobeSystems /users/students3/teams/team01t/VectorPascal/VPTeX Line.class
2002.03.20 00:31 B D:\downloads\ftp\VPTeX\Line.java <-- AdobeSystems /users/students3/teams/team01t/VectorPascal/VPTeX Line.java
2002.03.20 00:31 B D:\downloads\ftp\VPTeX\OperatorError.class <-- AdobeSystems /users/students3/teams/team01t/VectorPascal/VPTeX OperatorError.class
2002.03.20 00:31 B D:\downloads\ftp\VPTeX\OperatorError.java <-- AdobeSystems /users/students3/teams/team01t/VectorPascal/VPTeX OperatorError.java
2002.03.20 00:31 B D:\downloads\ftp\VPTeX\PascalFile.class <-- AdobeSystems /users/students3/teams/team01t/VectorPascal/VPTeX PascalFile.class
2002.03.20 00:31 B D:\downloads\ftp\VPTeX\PascalFile.java <-- AdobeSystems /users/students3/teams/team01t/VectorPascal/VPTeX PascalFile.java
2002.03.20 00:31 B D:\downloads\ftp\VPTeX\ProcedureEndLine.class <-- AdobeSystems /users/students3/teams/team01t/VectorPascal/VPTeX ProcedureEndLine.class
2002.03.20 00:31 B D:\downloads\ftp\VPTeX\ProcedureEndLine.java <-- AdobeSystems /users/students3/teams/team01t/VectorPascal/VPTeX ProcedureEndLine.java
2002.03.20 00:31 B D:\downloads\ftp\VPTeX\ProcedureLine.class <-- AdobeSystems /users/students3/teams/team01t/VectorPascal/VPTeX ProcedureLine.class
2002.03.20 00:31 B D:\downloads\ftp\VPTeX\ProcedureLine.java <-- AdobeSystems /users/students3/teams/team01t/VectorPascal/VPTeX ProcedureLine.java
2002.03.20 00:31 B D:\downloads\ftp\VPTeX\q.log <-- AdobeSystems /users/students3/teams/team01t/VectorPascal/VPTeX q.log
2002.03.20 00:31 B D:\downloads\ftp\VPTeX\sort1.pas <-- AdobeSystems /users/students3/teams/team01t/VectorPascal/VPTeX sort1.pas
2002.03.20 00:31 B D:\downloads\ftp\VPTeX\SpecCommentLine.class <-- AdobeSystems /users/students3/teams/team01t/VectorPascal/VPTeX SpecCommentLine.class
2002.03.20 00:31 B D:\downloads\ftp\VPTeX\SpecCommentLine.java <-- AdobeSystems /users/students3/teams/team01t/VectorPascal/VPTeX SpecCommentLine.java
2002.03.20 00:31 B D:\downloads\ftp\VPTeX\State.class <-- AdobeSystems /users/students3/teams/team01t/VectorPascal/VPTeX State.class
2002.03.20 00:31 B D:\downloads\ftp\VPTeX\State.java <-- AdobeSystems /users/students3/teams/team01t/VectorPascal/VPTeX State.java
2002.03.20 00:31 B D:\downloads\ftp\VPTeX\SyntaxError.class <-- AdobeSystems /users/students3/teams/team01t/VectorPascal/VPTeX SyntaxError.class
2002.03.20 00:31 B D:\downloads\ftp\VPTeX\SyntaxError.java <-- AdobeSystems /users/students3/teams/team01t/VectorPascal/VPTeX SyntaxError.java
2002.03.20 00:31 B D:\downloads\ftp\VPTeX\test.class <-- AdobeSystems /users/students3/teams/team01t/VectorPascal/VPTeX test.class
2002.03.20 00:31 B D:\downloads\ftp\VPTeX\test.java <-- AdobeSystems /users/students3/teams/team01t/VectorPascal/VPTeX test.java
2002.03.20 00:31 B D:\downloads\ftp\VPTeX\test.pas <-- AdobeSystems /users/students3/teams/team01t/VectorPascal/VPTeX test.pas
2002.03.20 00:31 B D:\downloads\ftp\VPTeX\tester.class <-- AdobeSystems /users/students3/teams/team01t/VectorPascal/VPTeX tester.class
2002.03.20 00:31 B D:\downloads\ftp\VPTeX\tester.java <-- AdobeSystems /users/students3/teams/team01t/VectorPascal/VPTeX tester.java
2002.03.20 00:31 B D:\downloads\ftp\VPTeX\Tuple.class <-- AdobeSystems /users/students3/teams/team01t/VectorPascal/VPTeX Tuple.class
2002.03.20 00:31 B D:\downloads\ftp\VPTeX\Variable.class <-- AdobeSystems /users/students3/teams/team01t/VectorPascal/VPTeX Variable.class
2002.03.20 00:31 B D:\downloads\ftp\VPTeX\Variable.java <-- AdobeSystems /users/students3/teams/team01t/VectorPascal/VPTeX Variable.java
2002.03.20 00:31 B D:\downloads\ftp\VPTeX\VpLex.class <-- AdobeSystems /users/students3/teams/team01t/VectorPascal/VPTeX VpLex.class
2002.03.20 00:31 B D:\downloads\ftp\VPTeX\VpLex.html <-- AdobeSystems /users/students3/teams/team01t/VectorPascal/VPTeX VpLex.html
2002.03.20 00:31 B D:\downloads\ftp\VPTeX\VpLex.java <-- AdobeSystems /users/students3/teams/team01t/VectorPascal/VPTeX VpLex.java
2002.03.20 00:31 B D:\downloads\ftp\VPTeX\VpMath.class <-- AdobeSystems /users/students3/teams/team01t/VectorPascal/VPTeX VpMath.class
2002.03.20 00:31 B D:\downloads\ftp\VPTeX\VpMath.java <-- AdobeSystems /users/students3/teams/team01t/VectorPascal/VPTeX VpMath.java
2002.03.20 00:31 B D:\downloads\ftp\VPTeX\VpMathFont.class <-- AdobeSystems /users/students3/teams/team01t/VectorPascal/VPTeX VpMathFont.class
2002.03.20 00:31 B D:\downloads\ftp\VPTeX\VpMathFont.java <-- AdobeSystems /users/students3/teams/team01t/VectorPascal/VPTeX VpMathFont.java
2002.03.20 00:31 B D:\downloads\ftp\VPTeX\vPTeX.class <-- AdobeSystems /users/students3/teams/team01t/VectorPascal/VPTeX vPTeX.class
2002.03.20 00:31 B D:\downloads\ftp\VPTeX\vPTeX.java <-- AdobeSystems /users/students3/teams/team01t/VectorPascal/VPTeX vPTeX.java
2002.03.20 22:57 B D:\downloads\ftp\VPTeX\CodeLine.class <-- AdobeSystems /users/students3/teams/team01t/VectorPascal/VPTeX CodeLine.class
2002.03.20 22:57 B D:\downloads\ftp\VPTeX\CodeLine.java <-- AdobeSystems /users/students3/teams/team01t/VectorPascal/VPTeX CodeLine.java
2002.03.20 22:57 B D:\downloads\ftp\VPTeX\CommentLine.class <-- AdobeSystems /users/students3/teams/team01t/VectorPascal/VPTeX CommentLine.class
2002.03.20 22:57 B D:\downloads\ftp\VPTeX\DeclarationLine.class <-- AdobeSystems /users/students3/teams/team01t/VectorPascal/VPTeX DeclarationLine.class
2002.03.20 22:57 B D:\downloads\ftp\VPTeX\DeclarationLine.java <-- AdobeSystems /users/students3/teams/team01t/VectorPascal/VPTeX DeclarationLine.java
2002.03.20 22:57 B D:\downloads\ftp\VPTeX\EmptyLine.class <-- AdobeSystems /users/students3/teams/team01t/VectorPascal/VPTeX EmptyLine.class
2002.03.20 22:57 B D:\downloads\ftp\VPTeX\ExpressionTree.class <-- AdobeSystems /users/students3/teams/team01t/VectorPascal/VPTeX ExpressionTree.class
2002.03.20 22:57 B D:\downloads\ftp\VPTeX\ExpressionTree.java <-- AdobeSystems /users/students3/teams/team01t/VectorPascal/VPTeX ExpressionTree.java
2002.03.20 22:57 B D:\downloads\ftp\VPTeX\Keywords.class <-- AdobeSystems /users/students3/teams/team01t/VectorPascal/VPTeX Keywords.class
2002.03.20 22:57 B D:\downloads\ftp\VPTeX\Line.class <-- AdobeSystems /users/students3/teams/team01t/VectorPascal/VPTeX Line.class
2002.03.20 22:57 B D:\downloads\ftp\VPTeX\OperatorError.class <-- AdobeSystems /users/students3/teams/team01t/VectorPascal/VPTeX OperatorError.class
2002.03.20 22:57 B D:\downloads\ftp\VPTeX\PascalFile.class <-- AdobeSystems /users/students3/teams/team01t/VectorPascal/VPTeX PascalFile.class
2002.03.20 22:57 B D:\downloads\ftp\VPTeX\PascalFile.java <-- AdobeSystems /users/students3/teams/team01t/VectorPascal/VPTeX PascalFile.java
2002.03.20 22:57 B D:\downloads\ftp\VPTeX\PascalFile.java~ <-- AdobeSystems /users/students3/teams/team01t/VectorPascal/VPTeX PascalFile.java~
2002.03.20 22:57 B D:\downloads\ftp\VPTeX\ProcedureEndLine.class <-- AdobeSystems /users/students3/teams/team01t/VectorPascal/VPTeX ProcedureEndLine.class
2002.03.20 22:57 B D:\downloads\ftp\VPTeX\ProcedureEndLine.java <-- AdobeSystems /users/students3/teams/team01t/VectorPascal/VPTeX ProcedureEndLine.java
2002.03.20 22:57 B D:\downloads\ftp\VPTeX\ProcedureLine.class <-- AdobeSystems /users/students3/teams/team01t/VectorPascal/VPTeX ProcedureLine.class
2002.03.20 22:57 B D:\downloads\ftp\VPTeX\ProcedureLine.java <-- AdobeSystems /users/students3/teams/team01t/VectorPascal/VPTeX ProcedureLine.java
2002.03.20 22:57 B D:\downloads\ftp\VPTeX\ProjectManager.class <-- AdobeSystems /users/students3/teams/team01t/VectorPascal/VPTeX ProjectManager.class
2002.03.20 22:57 B D:\downloads\ftp\VPTeX\ProjectManager.java <-- AdobeSystems /users/students3/teams/team01t/VectorPascal/VPTeX ProjectManager.java
2002.03.20 22:57 B D:\downloads\ftp\VPTeX\SpecCommentLine.class <-- AdobeSystems /users/students3/teams/team01t/VectorPascal/VPTeX SpecCommentLine.class
2002.03.20 22:57 B D:\downloads\ftp\VPTeX\State.class <-- AdobeSystems /users/students3/teams/team01t/VectorPascal/VPTeX State.class
2002.03.20 22:57 B D:\downloads\ftp\VPTeX\SyntaxError.class <-- AdobeSystems /users/students3/teams/team01t/VectorPascal/VPTeX SyntaxError.class
2002.03.20 22:57 B D:\downloads\ftp\VPTeX\test.class <-- AdobeSystems /users/students3/teams/team01t/VectorPascal/VPTeX test.class
2002.03.20 22:57 B D:\downloads\ftp\VPTeX\tester.class <-- AdobeSystems /users/students3/teams/team01t/VectorPascal/VPTeX tester.class
2002.03.20 22:57 B D:\downloads\ftp\VPTeX\Tuple.class <-- AdobeSystems /users/students3/teams/team01t/VectorPascal/VPTeX Tuple.class
2002.03.20 22:57 B D:\downloads\ftp\VPTeX\Variable.class <-- AdobeSystems /users/students3/teams/team01t/VectorPascal/VPTeX Variable.class
2002.03.20 22:57 B D:\downloads\ftp\VPTeX\VpLex.class <-- AdobeSystems /users/students3/teams/team01t/VectorPascal/VPTeX VpLex.class
2002.03.20 22:57 B D:\downloads\ftp\VPTeX\VpMath.class <-- AdobeSystems /users/students3/teams/team01t/VectorPascal/VPTeX VpMath.class
2002.03.20 22:57 B D:\downloads\ftp\VPTeX\VpMath.java <-- AdobeSystems /users/students3/teams/team01t/VectorPascal/VPTeX VpMath.java
2002.03.20 22:57 B D:\downloads\ftp\VPTeX\VpMathFont.class <-- AdobeSystems /users/students3/teams/team01t/VectorPascal/VPTeX VpMathFont.class
2002.03.20 22:57 B D:\downloads\ftp\VPTeX\vPTeX.class <-- AdobeSystems /users/students3/teams/team01t/VectorPascal/VPTeX vPTeX.class
2002.03.20 22:57 B D:\downloads\ftp\VPTeX\vPTeX.java <-- AdobeSystems /users/students3/teams/team01t/VectorPascal/VPTeX vPTeX.java
2002.03.22 10:27 B D:\downloads\ftp\LitProg\VPTeX\CodeLine.class --> ftp.dcs.gla.ac.uk /users/students3/teams/team01t/LitProg/VPTeX CodeLine.class
2002.03.22 10:27 B D:\downloads\ftp\LitProg\VPTeX\CodeLine.java --> ftp.dcs.gla.ac.uk /users/students3/teams/team01t/LitProg/VPTeX CodeLine.java
2002.03.22 10:27 B D:\downloads\ftp\LitProg\VPTeX\CommentLine.class --> ftp.dcs.gla.ac.uk /users/students3/teams/team01t/LitProg/VPTeX CommentLine.class
2002.03.22 10:27 B D:\downloads\ftp\LitProg\VPTeX\Copy of Tab.javafd --> ftp.dcs.gla.ac.uk /users/students3/teams/team01t/LitProg/VPTeX Copy of Tab.javafd
2002.03.22 10:27 B D:\downloads\ftp\LitProg\VPTeX\DeclarationLine.class --> ftp.dcs.gla.ac.uk /users/students3/teams/team01t/LitProg/VPTeX DeclarationLine.class
2002.03.22 10:27 B D:\downloads\ftp\LitProg\VPTeX\DeclarationLine.java --> ftp.dcs.gla.ac.uk /users/students3/teams/team01t/LitProg/VPTeX DeclarationLine.java
2002.03.22 10:27 B D:\downloads\ftp\LitProg\VPTeX\demo1.pas --> ftp.dcs.gla.ac.uk /users/students3/teams/team01t/LitProg/VPTeX demo1.pas
2002.03.22 10:27 B D:\downloads\ftp\LitProg\VPTeX\EmptyLine.class --> ftp.dcs.gla.ac.uk /users/students3/teams/team01t/LitProg/VPTeX EmptyLine.class
2002.03.22 10:27 B D:\downloads\ftp\LitProg\VPTeX\emtpyLine.java --> ftp.dcs.gla.ac.uk /users/students3/teams/team01t/LitProg/VPTeX emtpyLine.java
2002.03.22 10:27 B D:\downloads\ftp\LitProg\VPTeX\ExpressionTree.class --> ftp.dcs.gla.ac.uk /users/students3/teams/team01t/LitProg/VPTeX ExpressionTree.class
2002.03.22 10:27 B D:\downloads\ftp\LitProg\VPTeX\ExpressionTree.java --> ftp.dcs.gla.ac.uk /users/students3/teams/team01t/LitProg/VPTeX ExpressionTree.java
2002.03.22 10:27 B D:\downloads\ftp\LitProg\VPTeX\Keywords.class --> ftp.dcs.gla.ac.uk /users/students3/teams/team01t/LitProg/VPTeX Keywords.class
2002.03.22 10:27 B D:\downloads\ftp\LitProg\VPTeX\Keywords.java --> ftp.dcs.gla.ac.uk /users/students3/teams/team01t/LitProg/VPTeX Keywords.java
2002.03.22 10:27 B D:\downloads\ftp\LitProg\VPTeX\Line.class --> ftp.dcs.gla.ac.uk /users/students3/teams/team01t/LitProg/VPTeX Line.class
2002.03.22 10:27 B D:\downloads\ftp\LitProg\VPTeX\Line.java --> ftp.dcs.gla.ac.uk /users/students3/teams/team01t/LitProg/VPTeX Line.java
2002.03.22 10:27 B D:\downloads\ftp\LitProg\VPTeX\OperatorError.class --> ftp.dcs.gla.ac.uk /users/students3/teams/team01t/LitProg/VPTeX OperatorError.class
2002.03.22 10:27 B D:\downloads\ftp\LitProg\VPTeX\PascalFile.class --> ftp.dcs.gla.ac.uk /users/students3/teams/team01t/LitProg/VPTeX PascalFile.class
2002.03.22 10:28 B D:\downloads\ftp\LitProg\VPTeX\PascalFile.java --> ftp.dcs.gla.ac.uk /users/students3/teams/team01t/LitProg/VPTeX PascalFile.java
2002.03.22 10:28 B D:\downloads\ftp\LitProg\VPTeX\PascalFile.java~ --> ftp.dcs.gla.ac.uk /users/students3/teams/team01t/LitProg/VPTeX PascalFile.java~
2002.03.22 10:28 B D:\downloads\ftp\LitProg\VPTeX\ProcedureEndLine.class --> ftp.dcs.gla.ac.uk /users/students3/teams/team01t/LitProg/VPTeX ProcedureEndLine.class
2002.03.22 10:28 B D:\downloads\ftp\LitProg\VPTeX\ProcedureEndLine.java --> ftp.dcs.gla.ac.uk /users/students3/teams/team01t/LitProg/VPTeX ProcedureEndLine.java
2002.03.22 10:28 B D:\downloads\ftp\LitProg\VPTeX\ProcedureLine.class --> ftp.dcs.gla.ac.uk /users/students3/teams/team01t/LitProg/VPTeX ProcedureLine.class
2002.03.22 10:28 B D:\downloads\ftp\LitProg\VPTeX\ProcedureLine.java --> ftp.dcs.gla.ac.uk /users/students3/teams/team01t/LitProg/VPTeX ProcedureLine.java
2002.03.22 10:28 B D:\downloads\ftp\LitProg\VPTeX\ProjectManager.class --> ftp.dcs.gla.ac.uk /users/students3/teams/team01t/LitProg/VPTeX ProjectManager.class
2002.03.22 10:28 B D:\downloads\ftp\LitProg\VPTeX\ProjectManager.java --> ftp.dcs.gla.ac.uk /users/students3/teams/team01t/LitProg/VPTeX ProjectManager.java
2002.03.22 10:28 B D:\downloads\ftp\LitProg\VPTeX\sort1.pas --> ftp.dcs.gla.ac.uk /users/students3/teams/team01t/LitProg/VPTeX sort1.pas
2002.03.22 10:28 B D:\downloads\ftp\LitProg\VPTeX\SpecCommentLine.class --> ftp.dcs.gla.ac.uk /users/students3/teams/team01t/LitProg/VPTeX SpecCommentLine.class
2002.03.22 10:28 B D:\downloads\ftp\LitProg\VPTeX\SpecCommentLine.java --> ftp.dcs.gla.ac.uk /users/students3/teams/team01t/LitProg/VPTeX SpecCommentLine.java
2002.03.22 10:28 B D:\downloads\ftp\LitProg\VPTeX\State.class --> ftp.dcs.gla.ac.uk /users/students3/teams/team01t/LitProg/VPTeX State.class
2002.03.22 10:28 B D:\downloads\ftp\LitProg\VPTeX\State.java --> ftp.dcs.gla.ac.uk /users/students3/teams/team01t/LitProg/VPTeX State.java
2002.03.22 10:28 B D:\downloads\ftp\LitProg\VPTeX\SyntaxError.class --> ftp.dcs.gla.ac.uk /users/students3/teams/team01t/LitProg/VPTeX SyntaxError.class
2002.03.22 10:28 B D:\downloads\ftp\LitProg\VPTeX\Tab$controlStatment.class --> ftp.dcs.gla.ac.uk /users/students3/teams/team01t/LitProg/VPTeX Tab$controlStatment.class
2002.03.22 10:28 B D:\downloads\ftp\LitProg\VPTeX\tab.class --> ftp.dcs.gla.ac.uk /users/students3/teams/team01t/LitProg/VPTeX tab.class
2002.03.22 10:28 B D:\downloads\ftp\LitProg\VPTeX\Tab.java --> ftp.dcs.gla.ac.uk /users/students3/teams/team01t/LitProg/VPTeX Tab.java
2002.03.22 10:28 B D:\downloads\ftp\LitProg\VPTeX\test.class --> ftp.dcs.gla.ac.uk /users/students3/teams/team01t/LitProg/VPTeX test.class
2002.03.22 10:28 B D:\downloads\ftp\LitProg\VPTeX\tester.class --> ftp.dcs.gla.ac.uk /users/students3/teams/team01t/LitProg/VPTeX tester.class
2002.03.22 10:28 B D:\downloads\ftp\LitProg\VPTeX\tester.java --> ftp.dcs.gla.ac.uk /users/students3/teams/team01t/LitProg/VPTeX tester.java
2002.03.22 10:28 B D:\downloads\ftp\LitProg\VPTeX\Tokens.class --> ftp.dcs.gla.ac.uk /users/students3/teams/team01t/LitProg/VPTeX Tokens.class
2002.03.22 10:28 B D:\downloads\ftp\LitProg\VPTeX\Tokens.java --> ftp.dcs.gla.ac.uk /users/students3/teams/team01t/LitProg/VPTeX Tokens.java
2002.03.22 10:28 B D:\downloads\ftp\LitProg\VPTeX\Tuple.class --> ftp.dcs.gla.ac.uk /users/students3/teams/team01t/LitProg/VPTeX Tuple.class
2002.03.22 10:28 B D:\downloads\ftp\LitProg\VPTeX\Variable.class --> ftp.dcs.gla.ac.uk /users/students3/teams/team01t/LitProg/VPTeX Variable.class
2002.03.22 10:28 B D:\downloads\ftp\LitProg\VPTeX\VpLex.class --> ftp.dcs.gla.ac.uk /users/students3/teams/team01t/LitProg/VPTeX VpLex.class
2002.03.22 10:28 B D:\downloads\ftp\LitProg\VPTeX\VpLex.java --> ftp.dcs.gla.ac.uk /users/students3/teams/team01t/LitProg/VPTeX VpLex.java
2002.03.22 10:28 B D:\downloads\ftp\LitProg\VPTeX\VpMath.class --> ftp.dcs.gla.ac.uk /users/students3/teams/team01t/LitProg/VPTeX VpMath.class
2002.03.22 10:28 B D:\downloads\ftp\LitProg\VPTeX\VpMath.java --> ftp.dcs.gla.ac.uk /users/students3/teams/team01t/LitProg/VPTeX VpMath.java
2002.03.22 10:28 B D:\downloads\ftp\LitProg\VPTeX\VpMathFont.class --> ftp.dcs.gla.ac.uk /users/students3/teams/team01t/LitProg/VPTeX VpMathFont.class
2002.03.22 10:28 B D:\downloads\ftp\LitProg\VPTeX\VpMathFont.java --> ftp.dcs.gla.ac.uk /users/students3/teams/team01t/LitProg/VPTeX VpMathFont.java
2002.03.22 10:28 B D:\downloads\ftp\LitProg\VPTeX\vPTeX.class --> ftp.dcs.gla.ac.uk /users/students3/teams/team01t/LitProg/VPTeX vPTeX.class
2002.03.22 10:28 B D:\downloads\ftp\LitProg\VPTeX\vPTeX.java --> ftp.dcs.gla.ac.uk /users/students3/teams/team01t/LitProg/VPTeX vPTeX.java
2002.03.22 10:28 B D:\downloads\ftp\LitProg\VPTeX\WS_FTP.LOG --> ftp.dcs.gla.ac.uk /users/students3/teams/team01t/LitProg/VPTeX WS_FTP.LOG
2002.03.26 02:34 B D:\downloads\ftp\LitProg\VPTeX\CodeLine.class --> ftp.dcs.gla.ac.uk /users/students3/teams/team01t/LitProg2/VPTeX CodeLine.class
2002.03.26 02:34 B D:\downloads\ftp\LitProg\VPTeX\CodeLine.java --> ftp.dcs.gla.ac.uk /users/students3/teams/team01t/LitProg2/VPTeX CodeLine.java
2002.03.26 02:34 B D:\downloads\ftp\LitProg\VPTeX\CommentLine.class --> ftp.dcs.gla.ac.uk /users/students3/teams/team01t/LitProg2/VPTeX CommentLine.class
2002.03.26 02:34 B D:\downloads\ftp\LitProg\VPTeX\CommentLine.java --> ftp.dcs.gla.ac.uk /users/students3/teams/team01t/LitProg2/VPTeX CommentLine.java
2002.03.26 02:35 B D:\downloads\ftp\LitProg\VPTeX\Copy of Tab.javafd --> ftp.dcs.gla.ac.uk /users/students3/teams/team01t/LitProg2/VPTeX Copy of Tab.javafd
2002.03.26 02:35 B D:\downloads\ftp\LitProg\VPTeX\DeclarationLine.class --> ftp.dcs.gla.ac.uk /users/students3/teams/team01t/LitProg2/VPTeX DeclarationLine.class
2002.03.26 02:35 B D:\downloads\ftp\LitProg\VPTeX\DeclarationLine.java --> ftp.dcs.gla.ac.uk /users/students3/teams/team01t/LitProg2/VPTeX DeclarationLine.java
2002.03.26 02:35 B D:\downloads\ftp\LitProg\VPTeX\demo1.pas --> ftp.dcs.gla.ac.uk /users/students3/teams/team01t/LitProg2/VPTeX demo1.pas
2002.03.26 02:35 B D:\downloads\ftp\LitProg\VPTeX\EmptyLine.class --> ftp.dcs.gla.ac.uk /users/students3/teams/team01t/LitProg2/VPTeX EmptyLine.class
2002.03.26 02:35 B D:\downloads\ftp\LitProg\VPTeX\EmptyLine.java --> ftp.dcs.gla.ac.uk /users/students3/teams/team01t/LitProg2/VPTeX EmptyLine.java
2002.03.26 02:35 B D:\downloads\ftp\LitProg\VPTeX\emtpyLine.java --> ftp.dcs.gla.ac.uk /users/students3/teams/team01t/LitProg2/VPTeX emtpyLine.java
2002.03.26 02:35 B D:\downloads\ftp\LitProg\VPTeX\ExpressionTree.class --> ftp.dcs.gla.ac.uk /users/students3/teams/team01t/LitProg2/VPTeX ExpressionTree.class
2002.03.26 02:35 B D:\downloads\ftp\LitProg\VPTeX\ExpressionTree.java --> ftp.dcs.gla.ac.uk /users/students3/teams/team01t/LitProg2/VPTeX ExpressionTree.java
2002.03.26 02:35 B D:\downloads\ftp\LitProg\VPTeX\Keywords.class --> ftp.dcs.gla.ac.uk /users/students3/teams/team01t/LitProg2/VPTeX Keywords.class
2002.03.26 02:35 B D:\downloads\ftp\LitProg\VPTeX\Keywords.java --> ftp.dcs.gla.ac.uk /users/students3/teams/team01t/LitProg2/VPTeX Keywords.java
2002.03.26 02:35 B D:\downloads\ftp\LitProg\VPTeX\Line.class --> ftp.dcs.gla.ac.uk /users/students3/teams/team01t/LitProg2/VPTeX Line.class
2002.03.26 02:35 B D:\downloads\ftp\LitProg\VPTeX\Line.java --> ftp.dcs.gla.ac.uk /users/students3/teams/team01t/LitProg2/VPTeX Line.java
2002.03.26 02:35 B D:\downloads\ftp\LitProg\VPTeX\OperatorError.class --> ftp.dcs.gla.ac.uk /users/students3/teams/team01t/LitProg2/VPTeX OperatorError.class
2002.03.26 02:35 B D:\downloads\ftp\LitProg\VPTeX\OperatorError.java --> ftp.dcs.gla.ac.uk /users/students3/teams/team01t/LitProg2/VPTeX OperatorError.java
2002.03.26 02:35 B D:\downloads\ftp\LitProg\VPTeX\PascalFile.class --> ftp.dcs.gla.ac.uk /users/students3/teams/team01t/LitProg2/VPTeX PascalFile.class
2002.03.26 02:36 B D:\downloads\ftp\LitProg\VPTeX\PascalFile.java --> ftp.dcs.gla.ac.uk /users/students3/teams/team01t/LitProg2/VPTeX PascalFile.java
2002.03.26 02:36 B D:\downloads\ftp\LitProg\VPTeX\PascalFile.java~ --> ftp.dcs.gla.ac.uk /users/students3/teams/team01t/LitProg2/VPTeX PascalFile.java~
2002.03.26 02:36 B D:\downloads\ftp\LitProg\VPTeX\ProcedureEndLine.class --> ftp.dcs.gla.ac.uk /users/students3/teams/team01t/LitProg2/VPTeX ProcedureEndLine.class
2002.03.26 02:36 B D:\downloads\ftp\LitProg\VPTeX\ProcedureEndLine.java --> ftp.dcs.gla.ac.uk /users/students3/teams/team01t/LitProg2/VPTeX ProcedureEndLine.java
2002.03.26 02:36 B D:\downloads\ftp\LitProg\VPTeX\ProcedureLine.class --> ftp.dcs.gla.ac.uk /users/students3/teams/team01t/LitProg2/VPTeX ProcedureLine.class
2002.03.26 02:36 B D:\downloads\ftp\LitProg\VPTeX\ProcedureLine.java --> ftp.dcs.gla.ac.uk /users/students3/teams/team01t/LitProg2/VPTeX ProcedureLine.java
2002.03.26 02:36 B D:\downloads\ftp\LitProg\VPTeX\ProjectManager.class --> ftp.dcs.gla.ac.uk /users/students3/teams/team01t/LitProg2/VPTeX ProjectManager.class
2002.03.26 02:36 B D:\downloads\ftp\LitProg\VPTeX\ProjectManager.java --> ftp.dcs.gla.ac.uk /users/students3/teams/team01t/LitProg2/VPTeX ProjectManager.java
2002.03.26 02:36 B D:\downloads\ftp\LitProg\VPTeX\q.log --> ftp.dcs.gla.ac.uk /users/students3/teams/team01t/LitProg2/VPTeX q.log
2002.03.26 02:36 B D:\downloads\ftp\LitProg\VPTeX\sort1.pas --> ftp.dcs.gla.ac.uk /users/students3/teams/team01t/LitProg2/VPTeX sort1.pas
2002.03.26 02:36 B D:\downloads\ftp\LitProg\VPTeX\SpecCommentLine.class --> ftp.dcs.gla.ac.uk /users/students3/teams/team01t/LitProg2/VPTeX SpecCommentLine.class
2002.03.26 02:36 B D:\downloads\ftp\LitProg\VPTeX\SpecCommentLine.java --> ftp.dcs.gla.ac.uk /users/students3/teams/team01t/LitProg2/VPTeX SpecCommentLine.java
2002.03.26 02:36 B D:\downloads\ftp\LitProg\VPTeX\State.class --> ftp.dcs.gla.ac.uk /users/students3/teams/team01t/LitProg2/VPTeX State.class
2002.03.26 02:36 B D:\downloads\ftp\LitProg\VPTeX\State.java --> ftp.dcs.gla.ac.uk /users/students3/teams/team01t/LitProg2/VPTeX State.java
2002.03.26 02:36 B D:\downloads\ftp\LitProg\VPTeX\SyntaxError.class --> ftp.dcs.gla.ac.uk /users/students3/teams/team01t/LitProg2/VPTeX SyntaxError.class
2002.03.26 02:36 B D:\downloads\ftp\LitProg\VPTeX\SyntaxError.java --> ftp.dcs.gla.ac.uk /users/students3/teams/team01t/LitProg2/VPTeX SyntaxError.java
2002.03.26 02:36 B D:\downloads\ftp\LitProg\VPTeX\Tab$controlStatment.class --> ftp.dcs.gla.ac.uk /users/students3/teams/team01t/LitProg2/VPTeX Tab$controlStatment.class
2002.03.26 02:36 B D:\downloads\ftp\LitProg\VPTeX\tab.class --> ftp.dcs.gla.ac.uk /users/students3/teams/team01t/LitProg2/VPTeX tab.class
2002.03.26 02:36 B D:\downloads\ftp\LitProg\VPTeX\Tab.java --> ftp.dcs.gla.ac.uk /users/students3/teams/team01t/LitProg2/VPTeX Tab.java
2002.03.26 02:36 B D:\downloads\ftp\LitProg\VPTeX\test.class --> ftp.dcs.gla.ac.uk /users/students3/teams/team01t/LitProg2/VPTeX test.class
2002.03.26 02:36 B D:\downloads\ftp\LitProg\VPTeX\test.java --> ftp.dcs.gla.ac.uk /users/students3/teams/team01t/LitProg2/VPTeX test.java
2002.03.26 02:36 B D:\downloads\ftp\LitProg\VPTeX\test.pas --> ftp.dcs.gla.ac.uk /users/students3/teams/team01t/LitProg2/VPTeX test.pas
2002.03.26 02:36 B D:\downloads\ftp\LitProg\VPTeX\tester.class --> ftp.dcs.gla.ac.uk /users/students3/teams/team01t/LitProg2/VPTeX tester.class
2002.03.26 02:36 B D:\downloads\ftp\LitProg\VPTeX\tester.java --> ftp.dcs.gla.ac.uk /users/students3/teams/team01t/LitProg2/VPTeX tester.java
2002.03.26 02:36 B D:\downloads\ftp\LitProg\VPTeX\Tokens.class --> ftp.dcs.gla.ac.uk /users/students3/teams/team01t/LitProg2/VPTeX Tokens.class
2002.03.26 02:36 B D:\downloads\ftp\LitProg\VPTeX\Tokens.java --> ftp.dcs.gla.ac.uk /users/students3/teams/team01t/LitProg2/VPTeX Tokens.java
2002.03.26 02:36 B D:\downloads\ftp\LitProg\VPTeX\Tuple.class --> ftp.dcs.gla.ac.uk /users/students3/teams/team01t/LitProg2/VPTeX Tuple.class
2002.03.26 02:36 B D:\downloads\ftp\LitProg\VPTeX\Variable.class --> ftp.dcs.gla.ac.uk /users/students3/teams/team01t/LitProg2/VPTeX Variable.class
2002.03.26 02:36 B D:\downloads\ftp\LitProg\VPTeX\Variable.java --> ftp.dcs.gla.ac.uk /users/students3/teams/team01t/LitProg2/VPTeX Variable.java
2002.03.26 02:36 B D:\downloads\ftp\LitProg\VPTeX\VpLex.class --> ftp.dcs.gla.ac.uk /users/students3/teams/team01t/LitProg2/VPTeX VpLex.class
2002.03.26 02:36 B D:\downloads\ftp\LitProg\VPTeX\VpLex.html --> ftp.dcs.gla.ac.uk /users/students3/teams/team01t/LitProg2/VPTeX VpLex.html
2002.03.26 02:36 B D:\downloads\ftp\LitProg\VPTeX\VpLex.java --> ftp.dcs.gla.ac.uk /users/students3/teams/team01t/LitProg2/VPTeX VpLex.java
2002.03.26 02:36 B D:\downloads\ftp\LitProg\VPTeX\VpMath.class --> ftp.dcs.gla.ac.uk /users/students3/teams/team01t/LitProg2/VPTeX VpMath.class
2002.03.26 02:36 B D:\downloads\ftp\LitProg\VPTeX\VpMath.java --> ftp.dcs.gla.ac.uk /users/students3/teams/team01t/LitProg2/VPTeX VpMath.java
2002.03.26 02:36 B D:\downloads\ftp\LitProg\VPTeX\VpMathFont.class --> ftp.dcs.gla.ac.uk /users/students3/teams/team01t/LitProg2/VPTeX VpMathFont.class
2002.03.26 02:36 B D:\downloads\ftp\LitProg\VPTeX\VpMathFont.java --> ftp.dcs.gla.ac.uk /users/students3/teams/team01t/LitProg2/VPTeX VpMathFont.java
2002.03.26 02:37 B D:\downloads\ftp\LitProg\VPTeX\vPTeX.class --> ftp.dcs.gla.ac.uk /users/students3/teams/team01t/LitProg2/VPTeX vPTeX.class
2002.03.26 02:37 B D:\downloads\ftp\LitProg\VPTeX\vPTeX.java --> ftp.dcs.gla.ac.uk /users/students3/teams/team01t/LitProg2/VPTeX vPTeX.java
2002.03.26 02:37 B D:\downloads\ftp\LitProg\VPTeX\WS_FTP.LOG --> ftp.dcs.gla.ac.uk /users/students3/teams/team01t/LitProg2/VPTeX WS_FTP.LOG
2002.03.26 19:35 B D:\downloads\ftp\VPTeX\ws_ftp.log <-- AdobeSystems /users/students3/teams/team01t/VectorPascal/VPTeX ws_ftp.log
2002.03.28 11:03 B D:\downloads\ftp\LitProg\VPTeX\CodeLine.class --> ftp.dcs.gla.ac.uk /users/students3/teams/team01t/LitProg/VPTeX CodeLine.class
2002.03.28 11:03 B D:\downloads\ftp\LitProg\VPTeX\CodeLine.java --> ftp.dcs.gla.ac.uk /users/students3/teams/team01t/LitProg/VPTeX CodeLine.java
2002.03.28 11:03 B D:\downloads\ftp\LitProg\VPTeX\CommentLine.class --> ftp.dcs.gla.ac.uk /users/students3/teams/team01t/LitProg/VPTeX CommentLine.class
2002.03.28 11:03 B D:\downloads\ftp\LitProg\VPTeX\CommentLine.java --> ftp.dcs.gla.ac.uk /users/students3/teams/team01t/LitProg/VPTeX CommentLine.java
2002.03.28 11:03 B D:\downloads\ftp\LitProg\VPTeX\DeclarationLine.class --> ftp.dcs.gla.ac.uk /users/students3/teams/team01t/LitProg/VPTeX DeclarationLine.class
2002.03.28 11:03 B D:\downloads\ftp\LitProg\VPTeX\DeclarationLine.java --> ftp.dcs.gla.ac.uk /users/students3/teams/team01t/LitProg/VPTeX DeclarationLine.java
2002.03.28 11:03 B D:\downloads\ftp\LitProg\VPTeX\demo1.pas --> ftp.dcs.gla.ac.uk /users/students3/teams/team01t/LitProg/VPTeX demo1.pas
2002.03.28 11:03 B D:\downloads\ftp\LitProg\VPTeX\EmptyLine.class --> ftp.dcs.gla.ac.uk /users/students3/teams/team01t/LitProg/VPTeX EmptyLine.class
2002.03.28 11:03 B D:\downloads\ftp\LitProg\VPTeX\EmptyLine.java --> ftp.dcs.gla.ac.uk /users/students3/teams/team01t/LitProg/VPTeX EmptyLine.java
2002.03.28 11:03 B D:\downloads\ftp\LitProg\VPTeX\emtpyLine.java --> ftp.dcs.gla.ac.uk /users/students3/teams/team01t/LitProg/VPTeX emtpyLine.java
2002.03.28 11:03 B D:\downloads\ftp\LitProg\VPTeX\ExpressionTree.class --> ftp.dcs.gla.ac.uk /users/students3/teams/team01t/LitProg/VPTeX ExpressionTree.class
2002.03.28 11:03 B D:\downloads\ftp\LitProg\VPTeX\ExpressionTree.java --> ftp.dcs.gla.ac.uk /users/students3/teams/team01t/LitProg/VPTeX ExpressionTree.java
2002.03.28 11:03 B D:\downloads\ftp\LitProg\VPTeX\ExpressionTree.old --> ftp.dcs.gla.ac.uk /users/students3/teams/team01t/LitProg/VPTeX ExpressionTree.old
2002.03.28 11:03 B D:\downloads\ftp\LitProg\VPTeX\Keywords.class --> ftp.dcs.gla.ac.uk /users/students3/teams/team01t/LitProg/VPTeX Keywords.class
2002.03.28 11:03 B D:\downloads\ftp\LitProg\VPTeX\Keywords.java --> ftp.dcs.gla.ac.uk /users/students3/teams/team01t/LitProg/VPTeX Keywords.java
2002.03.28 11:03 B D:\downloads\ftp\LitProg\VPTeX\Line.class --> ftp.dcs.gla.ac.uk /users/students3/teams/team01t/LitProg/VPTeX Line.class
2002.03.28 11:03 B D:\downloads\ftp\LitProg\VPTeX\Line.java --> ftp.dcs.gla.ac.uk /users/students3/teams/team01t/LitProg/VPTeX Line.java
2002.03.28 11:03 B D:\downloads\ftp\LitProg\VPTeX\OperatorError.class --> ftp.dcs.gla.ac.uk /users/students3/teams/team01t/LitProg/VPTeX OperatorError.class
2002.03.28 11:03 B D:\downloads\ftp\LitProg\VPTeX\OperatorError.java --> ftp.dcs.gla.ac.uk /users/students3/teams/team01t/LitProg/VPTeX OperatorError.java
2002.03.28 11:03 B D:\downloads\ftp\LitProg\VPTeX\PascalFile.class --> ftp.dcs.gla.ac.uk /users/students3/teams/team01t/LitProg/VPTeX PascalFile.class
2002.03.28 11:03 B D:\downloads\ftp\LitProg\VPTeX\PascalFile.java --> ftp.dcs.gla.ac.uk /users/students3/teams/team01t/LitProg/VPTeX PascalFile.java
2002.03.28 11:03 B D:\downloads\ftp\LitProg\VPTeX\PascalFile.java~ --> ftp.dcs.gla.ac.uk /users/students3/teams/team01t/LitProg/VPTeX PascalFile.java~
2002.03.28 11:03 B D:\downloads\ftp\LitProg\VPTeX\PascalReader.class --> ftp.dcs.gla.ac.uk /users/students3/teams/team01t/LitProg/VPTeX PascalReader.class
2002.03.28 11:03 B D:\downloads\ftp\LitProg\VPTeX\PascalReader.java --> ftp.dcs.gla.ac.uk /users/students3/teams/team01t/LitProg/VPTeX PascalReader.java
2002.03.28 11:03 B D:\downloads\ftp\LitProg\VPTeX\ProcedureEndLine.class --> ftp.dcs.gla.ac.uk /users/students3/teams/team01t/LitProg/VPTeX ProcedureEndLine.class
2002.03.28 11:03 B D:\downloads\ftp\LitProg\VPTeX\ProcedureEndLine.java --> ftp.dcs.gla.ac.uk /users/students3/teams/team01t/LitProg/VPTeX ProcedureEndLine.java
2002.03.28 11:03 B D:\downloads\ftp\LitProg\VPTeX\ProcedureLine.class --> ftp.dcs.gla.ac.uk /users/students3/teams/team01t/LitProg/VPTeX ProcedureLine.class
2002.03.28 11:03 B D:\downloads\ftp\LitProg\VPTeX\ProcedureLine.java --> ftp.dcs.gla.ac.uk /users/students3/teams/team01t/LitProg/VPTeX ProcedureLine.java
2002.03.28 11:03 B D:\downloads\ftp\LitProg\VPTeX\ProjectManager.class --> ftp.dcs.gla.ac.uk /users/students3/teams/team01t/LitProg/VPTeX ProjectManager.class
2002.03.28 11:04 B D:\downloads\ftp\LitProg\VPTeX\ProjectManager.java --> ftp.dcs.gla.ac.uk /users/students3/teams/team01t/LitProg/VPTeX ProjectManager.java
2002.03.28 11:04 B D:\downloads\ftp\LitProg\VPTeX\q.log --> ftp.dcs.gla.ac.uk /users/students3/teams/team01t/LitProg/VPTeX q.log
2002.03.28 11:04 B D:\downloads\ftp\LitProg\VPTeX\sort1.pas --> ftp.dcs.gla.ac.uk /users/students3/teams/team01t/LitProg/VPTeX sort1.pas
2002.03.28 11:04 B D:\downloads\ftp\LitProg\VPTeX\SpecCommentLine.class --> ftp.dcs.gla.ac.uk /users/students3/teams/team01t/LitProg/VPTeX SpecCommentLine.class
2002.03.28 11:04 B D:\downloads\ftp\LitProg\VPTeX\SpecCommentLine.java --> ftp.dcs.gla.ac.uk /users/students3/teams/team01t/LitProg/VPTeX SpecCommentLine.java
2002.03.28 11:04 B D:\downloads\ftp\LitProg\VPTeX\SpecCommentLine.java~ --> ftp.dcs.gla.ac.uk /users/students3/teams/team01t/LitProg/VPTeX SpecCommentLine.java~
2002.03.28 11:04 B D:\downloads\ftp\LitProg\VPTeX\State.class --> ftp.dcs.gla.ac.uk /users/students3/teams/team01t/LitProg/VPTeX State.class
2002.03.28 11:04 B D:\downloads\ftp\LitProg\VPTeX\State.java --> ftp.dcs.gla.ac.uk /users/students3/teams/team01t/LitProg/VPTeX State.java
2002.03.28 11:04 B D:\downloads\ftp\LitProg\VPTeX\State.java~ --> ftp.dcs.gla.ac.uk /users/students3/teams/team01t/LitProg/VPTeX State.java~
2002.03.28 11:04 B D:\downloads\ftp\LitProg\VPTeX\SyntaxError.class --> ftp.dcs.gla.ac.uk /users/students3/teams/team01t/LitProg/VPTeX SyntaxError.class
2002.03.28 11:04 B D:\downloads\ftp\LitProg\VPTeX\SyntaxError.java --> ftp.dcs.gla.ac.uk /users/students3/teams/team01t/LitProg/VPTeX SyntaxError.java
2002.03.28 11:04 B D:\downloads\ftp\LitProg\VPTeX\Tab$controlStatment.class --> ftp.dcs.gla.ac.uk /users/students3/teams/team01t/LitProg/VPTeX Tab$controlStatment.class
2002.03.28 11:04 B D:\downloads\ftp\LitProg\VPTeX\tab.class --> ftp.dcs.gla.ac.uk /users/students3/teams/team01t/LitProg/VPTeX tab.class
2002.03.28 11:04 B D:\downloads\ftp\LitProg\VPTeX\Tab.java --> ftp.dcs.gla.ac.uk /users/students3/teams/team01t/LitProg/VPTeX Tab.java
2002.03.28 11:04 B D:\downloads\ftp\LitProg\VPTeX\test.class --> ftp.dcs.gla.ac.uk /users/students3/teams/team01t/LitProg/VPTeX test.class
2002.03.28 11:04 B D:\downloads\ftp\LitProg\VPTeX\test.java --> ftp.dcs.gla.ac.uk /users/students3/teams/team01t/LitProg/VPTeX test.java
2002.03.28 11:04 B D:\downloads\ftp\LitProg\VPTeX\test.java~ --> ftp.dcs.gla.ac.uk /users/students3/teams/team01t/LitProg/VPTeX test.java~
2002.03.28 11:04 B D:\downloads\ftp\LitProg\VPTeX\test.pas --> ftp.dcs.gla.ac.uk /users/students3/teams/team01t/LitProg/VPTeX test.pas
2002.03.28 11:04 B D:\downloads\ftp\LitProg\VPTeX\tester.class --> ftp.dcs.gla.ac.uk /users/students3/teams/team01t/LitProg/VPTeX tester.class
2002.03.28 11:04 B D:\downloads\ftp\LitProg\VPTeX\tester.java --> ftp.dcs.gla.ac.uk /users/students3/teams/team01t/LitProg/VPTeX tester.java
2002.03.28 11:04 B D:\downloads\ftp\LitProg\VPTeX\Tokens.class --> ftp.dcs.gla.ac.uk /users/students3/teams/team01t/LitProg/VPTeX Tokens.class
2002.03.28 11:04 B D:\downloads\ftp\LitProg\VPTeX\Tokens.java --> ftp.dcs.gla.ac.uk /users/students3/teams/team01t/LitProg/VPTeX Tokens.java
2002.03.28 11:04 B D:\downloads\ftp\LitProg\VPTeX\Tuple.class --> ftp.dcs.gla.ac.uk /users/students3/teams/team01t/LitProg/VPTeX Tuple.class
2002.03.28 11:04 B D:\downloads\ftp\LitProg\VPTeX\Variable.class --> ftp.dcs.gla.ac.uk /users/students3/teams/team01t/LitProg/VPTeX Variable.class
2002.03.28 11:04 B D:\downloads\ftp\LitProg\VPTeX\Variable.java --> ftp.dcs.gla.ac.uk /users/students3/teams/team01t/LitProg/VPTeX Variable.java
2002.03.28 11:04 B D:\downloads\ftp\LitProg\VPTeX\Variable.java~ --> ftp.dcs.gla.ac.uk /users/students3/teams/team01t/LitProg/VPTeX Variable.java~
2002.03.28 11:04 B D:\downloads\ftp\LitProg\VPTeX\VpLex.class --> ftp.dcs.gla.ac.uk /users/students3/teams/team01t/LitProg/VPTeX VpLex.class
2002.03.28 11:04 B D:\downloads\ftp\LitProg\VPTeX\VpLex.html --> ftp.dcs.gla.ac.uk /users/students3/teams/team01t/LitProg/VPTeX VpLex.html
2002.03.28 11:04 B D:\downloads\ftp\LitProg\VPTeX\VpLex.java --> ftp.dcs.gla.ac.uk /users/students3/teams/team01t/LitProg/VPTeX VpLex.java
2002.03.28 11:04 B D:\downloads\ftp\LitProg\VPTeX\VpMath.class --> ftp.dcs.gla.ac.uk /users/students3/teams/team01t/LitProg/VPTeX VpMath.class
2002.03.28 11:04 B D:\downloads\ftp\LitProg\VPTeX\VpMath.java --> ftp.dcs.gla.ac.uk /users/students3/teams/team01t/LitProg/VPTeX VpMath.java
2002.03.28 11:04 B D:\downloads\ftp\LitProg\VPTeX\VpMath.java~ --> ftp.dcs.gla.ac.uk /users/students3/teams/team01t/LitProg/VPTeX VpMath.java~
2002.03.28 11:04 B D:\downloads\ftp\LitProg\VPTeX\VpMathFont.class --> ftp.dcs.gla.ac.uk /users/students3/teams/team01t/LitProg/VPTeX VpMathFont.class
2002.03.28 11:04 B D:\downloads\ftp\LitProg\VPTeX\VpMathFont.java --> ftp.dcs.gla.ac.uk /users/students3/teams/team01t/LitProg/VPTeX VpMathFont.java
2002.03.28 11:05 B D:\downloads\ftp\LitProg\VPTeX\vPTeX.class --> ftp.dcs.gla.ac.uk /users/students3/teams/team01t/LitProg/VPTeX vPTeX.class
2002.03.28 11:05 B D:\downloads\ftp\LitProg\VPTeX\vPTeX.java --> ftp.dcs.gla.ac.uk /users/students3/teams/team01t/LitProg/VPTeX vPTeX.java
2002.03.28 11:05 B D:\downloads\ftp\LitProg\VPTeX\vPTeX.java~ --> ftp.dcs.gla.ac.uk /users/students3/teams/team01t/LitProg/VPTeX vPTeX.java~
2002.03.28 19:39 B D:\downloads\ftp\VPTeX\WS_FTP.LOG <--  /users/students3/teams/team01t/LitProg/VPTeX WS_FTP.LOG
2002.03.30 21:12 B D:\downloads\ftp\LitProg\VPTeX\#PascalFile.java# --> ftp.dcs.gla.ac.uk /users/students3/teams/team01t/newVPTeX/VPTeX #PascalFile.java#
2002.03.30 21:12 B D:\downloads\ftp\LitProg\VPTeX\CodeLine.class --> ftp.dcs.gla.ac.uk /users/students3/teams/team01t/newVPTeX/VPTeX CodeLine.class
2002.03.30 21:12 B D:\downloads\ftp\LitProg\VPTeX\CodeLine.java --> ftp.dcs.gla.ac.uk /users/students3/teams/team01t/newVPTeX/VPTeX CodeLine.java
2002.03.30 21:12 B D:\downloads\ftp\LitProg\VPTeX\CodeLine.java~ --> ftp.dcs.gla.ac.uk /users/students3/teams/team01t/newVPTeX/VPTeX CodeLine.java~
2002.03.30 21:12 B D:\downloads\ftp\LitProg\VPTeX\CommentLine.class --> ftp.dcs.gla.ac.uk /users/students3/teams/team01t/newVPTeX/VPTeX CommentLine.class
2002.03.30 21:13 B D:\downloads\ftp\LitProg\VPTeX\CommentLine.java --> ftp.dcs.gla.ac.uk /users/students3/teams/team01t/newVPTeX/VPTeX CommentLine.java
2002.03.30 21:13 B D:\downloads\ftp\LitProg\VPTeX\CommentLine.java~ --> ftp.dcs.gla.ac.uk /users/students3/teams/team01t/newVPTeX/VPTeX CommentLine.java~
2002.03.30 21:13 B D:\downloads\ftp\LitProg\VPTeX\DeclarationLine.class --> ftp.dcs.gla.ac.uk /users/students3/teams/team01t/newVPTeX/VPTeX DeclarationLine.class
2002.03.30 21:13 B D:\downloads\ftp\LitProg\VPTeX\DeclarationLine.java --> ftp.dcs.gla.ac.uk /users/students3/teams/team01t/newVPTeX/VPTeX DeclarationLine.java
2002.03.30 21:13 B D:\downloads\ftp\LitProg\VPTeX\EmptyLine.class --> ftp.dcs.gla.ac.uk /users/students3/teams/team01t/newVPTeX/VPTeX EmptyLine.class
2002.03.30 21:13 B D:\downloads\ftp\LitProg\VPTeX\EmptyLine.java --> ftp.dcs.gla.ac.uk /users/students3/teams/team01t/newVPTeX/VPTeX EmptyLine.java
2002.03.30 21:13 B D:\downloads\ftp\LitProg\VPTeX\emtpyLine.java --> ftp.dcs.gla.ac.uk /users/students3/teams/team01t/newVPTeX/VPTeX emtpyLine.java
2002.03.30 21:13 B D:\downloads\ftp\LitProg\VPTeX\ExpressionTree.class --> ftp.dcs.gla.ac.uk /users/students3/teams/team01t/newVPTeX/VPTeX ExpressionTree.class
2002.03.30 21:13 B D:\downloads\ftp\LitProg\VPTeX\ExpressionTree.java --> ftp.dcs.gla.ac.uk /users/students3/teams/team01t/newVPTeX/VPTeX ExpressionTree.java
2002.03.30 21:13 B D:\downloads\ftp\LitProg\VPTeX\ExpressionTree.old --> ftp.dcs.gla.ac.uk /users/students3/teams/team01t/newVPTeX/VPTeX ExpressionTree.old
2002.03.30 21:13 B D:\downloads\ftp\LitProg\VPTeX\Keywords.class --> ftp.dcs.gla.ac.uk /users/students3/teams/team01t/newVPTeX/VPTeX Keywords.class
2002.03.30 21:13 B D:\downloads\ftp\LitProg\VPTeX\Keywords.java --> ftp.dcs.gla.ac.uk /users/students3/teams/team01t/newVPTeX/VPTeX Keywords.java
2002.03.30 21:13 B D:\downloads\ftp\LitProg\VPTeX\Keywords.java~ --> ftp.dcs.gla.ac.uk /users/students3/teams/team01t/newVPTeX/VPTeX Keywords.java~
2002.03.30 21:13 B D:\downloads\ftp\LitProg\VPTeX\Line.class --> ftp.dcs.gla.ac.uk /users/students3/teams/team01t/newVPTeX/VPTeX Line.class
2002.03.30 21:13 B D:\downloads\ftp\LitProg\VPTeX\Line.java --> ftp.dcs.gla.ac.uk /users/students3/teams/team01t/newVPTeX/VPTeX Line.java
2002.03.30 21:13 B D:\downloads\ftp\LitProg\VPTeX\Line.java~ --> ftp.dcs.gla.ac.uk /users/students3/teams/team01t/newVPTeX/VPTeX Line.java~
2002.03.30 21:13 B D:\downloads\ftp\LitProg\VPTeX\OperatorError.class --> ftp.dcs.gla.ac.uk /users/students3/teams/team01t/newVPTeX/VPTeX OperatorError.class
2002.03.30 21:13 B D:\downloads\ftp\LitProg\VPTeX\OperatorError.java --> ftp.dcs.gla.ac.uk /users/students3/teams/team01t/newVPTeX/VPTeX OperatorError.java
2002.03.30 21:13 B D:\downloads\ftp\LitProg\VPTeX\PascalFile.class --> ftp.dcs.gla.ac.uk /users/students3/teams/team01t/newVPTeX/VPTeX PascalFile.class
2002.03.30 21:13 B D:\downloads\ftp\LitProg\VPTeX\PascalFile.java --> ftp.dcs.gla.ac.uk /users/students3/teams/team01t/newVPTeX/VPTeX PascalFile.java
2002.03.30 21:13 B D:\downloads\ftp\LitProg\VPTeX\PascalFile.java~ --> ftp.dcs.gla.ac.uk /users/students3/teams/team01t/newVPTeX/VPTeX PascalFile.java~
2002.03.30 21:13 B D:\downloads\ftp\LitProg\VPTeX\PascalReader.class --> ftp.dcs.gla.ac.uk /users/students3/teams/team01t/newVPTeX/VPTeX PascalReader.class
2002.03.30 21:13 B D:\downloads\ftp\LitProg\VPTeX\PascalReader.java --> ftp.dcs.gla.ac.uk /users/students3/teams/team01t/newVPTeX/VPTeX PascalReader.java
2002.03.30 21:13 B D:\downloads\ftp\LitProg\VPTeX\ProcedureEndLine.class --> ftp.dcs.gla.ac.uk /users/students3/teams/team01t/newVPTeX/VPTeX ProcedureEndLine.class
2002.03.30 21:13 B D:\downloads\ftp\LitProg\VPTeX\ProcedureEndLine.java --> ftp.dcs.gla.ac.uk /users/students3/teams/team01t/newVPTeX/VPTeX ProcedureEndLine.java
2002.03.30 21:13 B D:\downloads\ftp\LitProg\VPTeX\ProcedureEndLine.java~ --> ftp.dcs.gla.ac.uk /users/students3/teams/team01t/newVPTeX/VPTeX ProcedureEndLine.java~
2002.03.30 21:13 B D:\downloads\ftp\LitProg\VPTeX\ProcedureLine.class --> ftp.dcs.gla.ac.uk /users/students3/teams/team01t/newVPTeX/VPTeX ProcedureLine.class
2002.03.30 21:13 B D:\downloads\ftp\LitProg\VPTeX\ProcedureLine.java --> ftp.dcs.gla.ac.uk /users/students3/teams/team01t/newVPTeX/VPTeX ProcedureLine.java
2002.03.30 21:13 B D:\downloads\ftp\LitProg\VPTeX\ProcedureLine.java~ --> ftp.dcs.gla.ac.uk /users/students3/teams/team01t/newVPTeX/VPTeX ProcedureLine.java~
2002.03.30 21:13 B D:\downloads\ftp\LitProg\VPTeX\ProjectManager.class --> ftp.dcs.gla.ac.uk /users/students3/teams/team01t/newVPTeX/VPTeX ProjectManager.class
2002.03.30 21:13 B D:\downloads\ftp\LitProg\VPTeX\ProjectManager.java --> ftp.dcs.gla.ac.uk /users/students3/teams/team01t/newVPTeX/VPTeX ProjectManager.java
2002.03.30 21:14 B D:\downloads\ftp\LitProg\VPTeX\ProjectManager.java~ --> ftp.dcs.gla.ac.uk /users/students3/teams/team01t/newVPTeX/VPTeX ProjectManager.java~
2002.03.30 21:14 B D:\downloads\ftp\LitProg\VPTeX\q.log --> ftp.dcs.gla.ac.uk /users/students3/teams/team01t/newVPTeX/VPTeX q.log
2002.03.30 21:14 B D:\downloads\ftp\LitProg\VPTeX\SpecCommentLine.class --> ftp.dcs.gla.ac.uk /users/students3/teams/team01t/newVPTeX/VPTeX SpecCommentLine.class
2002.03.30 21:14 B D:\downloads\ftp\LitProg\VPTeX\SpecCommentLine.java --> ftp.dcs.gla.ac.uk /users/students3/teams/team01t/newVPTeX/VPTeX SpecCommentLine.java
2002.03.30 21:14 B D:\downloads\ftp\LitProg\VPTeX\SpecCommentLine.java~ --> ftp.dcs.gla.ac.uk /users/students3/teams/team01t/newVPTeX/VPTeX SpecCommentLine.java~
2002.03.30 21:14 B D:\downloads\ftp\LitProg\VPTeX\State.class --> ftp.dcs.gla.ac.uk /users/students3/teams/team01t/newVPTeX/VPTeX State.class
2002.03.30 21:14 B D:\downloads\ftp\LitProg\VPTeX\State.java --> ftp.dcs.gla.ac.uk /users/students3/teams/team01t/newVPTeX/VPTeX State.java
2002.03.30 21:14 B D:\downloads\ftp\LitProg\VPTeX\State.java~ --> ftp.dcs.gla.ac.uk /users/students3/teams/team01t/newVPTeX/VPTeX State.java~
2002.03.30 21:14 B D:\downloads\ftp\LitProg\VPTeX\SyntaxError.class --> ftp.dcs.gla.ac.uk /users/students3/teams/team01t/newVPTeX/VPTeX SyntaxError.class
2002.03.30 21:14 B D:\downloads\ftp\LitProg\VPTeX\SyntaxError.java --> ftp.dcs.gla.ac.uk /users/students3/teams/team01t/newVPTeX/VPTeX SyntaxError.java
2002.03.30 21:14 B D:\downloads\ftp\LitProg\VPTeX\Tab$controlStatment.class --> ftp.dcs.gla.ac.uk /users/students3/teams/team01t/newVPTeX/VPTeX Tab$controlStatment.class
2002.03.30 21:14 B D:\downloads\ftp\LitProg\VPTeX\tab.class --> ftp.dcs.gla.ac.uk /users/students3/teams/team01t/newVPTeX/VPTeX tab.class
2002.03.30 21:14 B D:\downloads\ftp\LitProg\VPTeX\Tab.java --> ftp.dcs.gla.ac.uk /users/students3/teams/team01t/newVPTeX/VPTeX Tab.java
2002.03.30 21:14 B D:\downloads\ftp\LitProg\VPTeX\test.class --> ftp.dcs.gla.ac.uk /users/students3/teams/team01t/newVPTeX/VPTeX test.class
2002.03.30 21:14 B D:\downloads\ftp\LitProg\VPTeX\test.java --> ftp.dcs.gla.ac.uk /users/students3/teams/team01t/newVPTeX/VPTeX test.java
2002.03.30 21:14 B D:\downloads\ftp\LitProg\VPTeX\test.java~ --> ftp.dcs.gla.ac.uk /users/students3/teams/team01t/newVPTeX/VPTeX test.java~
2002.03.30 21:14 B D:\downloads\ftp\LitProg\VPTeX\tester.class --> ftp.dcs.gla.ac.uk /users/students3/teams/team01t/newVPTeX/VPTeX tester.class
2002.03.30 21:14 B D:\downloads\ftp\LitProg\VPTeX\tester.java --> ftp.dcs.gla.ac.uk /users/students3/teams/team01t/newVPTeX/VPTeX tester.java
2002.03.30 21:14 B D:\downloads\ftp\LitProg\VPTeX\Tokens.class --> ftp.dcs.gla.ac.uk /users/students3/teams/team01t/newVPTeX/VPTeX Tokens.class
2002.03.30 21:14 B D:\downloads\ftp\LitProg\VPTeX\Tokens.java --> ftp.dcs.gla.ac.uk /users/students3/teams/team01t/newVPTeX/VPTeX Tokens.java
2002.03.30 21:14 B D:\downloads\ftp\LitProg\VPTeX\Tuple.class --> ftp.dcs.gla.ac.uk /users/students3/teams/team01t/newVPTeX/VPTeX Tuple.class
2002.03.30 21:14 B D:\downloads\ftp\LitProg\VPTeX\Variable.class --> ftp.dcs.gla.ac.uk /users/students3/teams/team01t/newVPTeX/VPTeX Variable.class
2002.03.30 21:14 B D:\downloads\ftp\LitProg\VPTeX\Variable.java --> ftp.dcs.gla.ac.uk /users/students3/teams/team01t/newVPTeX/VPTeX Variable.java
2002.03.30 21:14 B D:\downloads\ftp\LitProg\VPTeX\Variable.java~ --> ftp.dcs.gla.ac.uk /users/students3/teams/team01t/newVPTeX/VPTeX Variable.java~
2002.03.30 21:14 B D:\downloads\ftp\LitProg\VPTeX\VpLex.class --> ftp.dcs.gla.ac.uk /users/students3/teams/team01t/newVPTeX/VPTeX VpLex.class
2002.03.30 21:14 B D:\downloads\ftp\LitProg\VPTeX\VpLex.html --> ftp.dcs.gla.ac.uk /users/students3/teams/team01t/newVPTeX/VPTeX VpLex.html
2002.03.30 21:14 B D:\downloads\ftp\LitProg\VPTeX\VpLex.java --> ftp.dcs.gla.ac.uk /users/students3/teams/team01t/newVPTeX/VPTeX VpLex.java
2002.03.30 21:14 B D:\downloads\ftp\LitProg\VPTeX\VpMath.class --> ftp.dcs.gla.ac.uk /users/students3/teams/team01t/newVPTeX/VPTeX VpMath.class
2002.03.30 21:14 B D:\downloads\ftp\LitProg\VPTeX\VpMath.java --> ftp.dcs.gla.ac.uk /users/students3/teams/team01t/newVPTeX/VPTeX VpMath.java
2002.03.30 21:14 B D:\downloads\ftp\LitProg\VPTeX\VpMath.java~ --> ftp.dcs.gla.ac.uk /users/students3/teams/team01t/newVPTeX/VPTeX VpMath.java~
2002.03.30 21:14 B D:\downloads\ftp\LitProg\VPTeX\VpMathFont.class --> ftp.dcs.gla.ac.uk /users/students3/teams/team01t/newVPTeX/VPTeX VpMathFont.class
2002.03.30 21:14 B D:\downloads\ftp\LitProg\VPTeX\VpMathFont.java --> ftp.dcs.gla.ac.uk /users/students3/teams/team01t/newVPTeX/VPTeX VpMathFont.java
2002.03.30 21:14 B D:\downloads\ftp\LitProg\VPTeX\vPTeX.class --> ftp.dcs.gla.ac.uk /users/students3/teams/team01t/newVPTeX/VPTeX vPTeX.class
2002.03.30 21:14 B D:\downloads\ftp\LitProg\VPTeX\vPTeX.java --> ftp.dcs.gla.ac.uk /users/students3/teams/team01t/newVPTeX/VPTeX vPTeX.java
2002.03.30 21:14 B D:\downloads\ftp\LitProg\VPTeX\vPTeX.java~ --> ftp.dcs.gla.ac.uk /users/students3/teams/team01t/newVPTeX/VPTeX vPTeX.java~
2002.04.02 19:07 B D:\downloads\ftp\VPTeX\WS_FTP.LOG <-- ftp.dcs.gla.ac.uk /users/students3/teams/team01t/newVPTeX/VPTeX WS_FTP.LOG
2002.04.03 20:29 B D:\downloads\ftp\LitProg\VPTeX\CodeLine.class --> ftp.dcs.gla.ac.uk /users/students3/teams/team01t/newVPTeX/VPTeX CodeLine.class
2002.04.03 20:29 B D:\downloads\ftp\LitProg\VPTeX\CodeLine.java --> ftp.dcs.gla.ac.uk /users/students3/teams/team01t/newVPTeX/VPTeX CodeLine.java
2002.04.03 20:29 B D:\downloads\ftp\LitProg\VPTeX\CodeLine.java~ --> ftp.dcs.gla.ac.uk /users/students3/teams/team01t/newVPTeX/VPTeX CodeLine.java~
2002.04.03 20:29 B D:\downloads\ftp\LitProg\VPTeX\CommentLine.class --> ftp.dcs.gla.ac.uk /users/students3/teams/team01t/newVPTeX/VPTeX CommentLine.class
2002.04.03 20:29 B D:\downloads\ftp\LitProg\VPTeX\CommentLine.java --> ftp.dcs.gla.ac.uk /users/students3/teams/team01t/newVPTeX/VPTeX CommentLine.java
2002.04.03 20:29 B D:\downloads\ftp\LitProg\VPTeX\CommentLine.java~ --> ftp.dcs.gla.ac.uk /users/students3/teams/team01t/newVPTeX/VPTeX CommentLine.java~
2002.04.03 20:29 B D:\downloads\ftp\LitProg\VPTeX\DeclarationLine.class --> ftp.dcs.gla.ac.uk /users/students3/teams/team01t/newVPTeX/VPTeX DeclarationLine.class
2002.04.03 20:29 B D:\downloads\ftp\LitProg\VPTeX\DeclarationLine.java --> ftp.dcs.gla.ac.uk /users/students3/teams/team01t/newVPTeX/VPTeX DeclarationLine.java
2002.04.03 20:29 B D:\downloads\ftp\LitProg\VPTeX\EmptyLine.class --> ftp.dcs.gla.ac.uk /users/students3/teams/team01t/newVPTeX/VPTeX EmptyLine.class
2002.04.03 20:29 B D:\downloads\ftp\LitProg\VPTeX\EmptyLine.java --> ftp.dcs.gla.ac.uk /users/students3/teams/team01t/newVPTeX/VPTeX EmptyLine.java
2002.04.03 20:29 B D:\downloads\ftp\LitProg\VPTeX\emtpyLine.java --> ftp.dcs.gla.ac.uk /users/students3/teams/team01t/newVPTeX/VPTeX emtpyLine.java
2002.04.03 20:29 B D:\downloads\ftp\LitProg\VPTeX\ExpressionTree.class --> ftp.dcs.gla.ac.uk /users/students3/teams/team01t/newVPTeX/VPTeX ExpressionTree.class
2002.04.03 20:29 B D:\downloads\ftp\LitProg\VPTeX\ExpressionTree.java --> ftp.dcs.gla.ac.uk /users/students3/teams/team01t/newVPTeX/VPTeX ExpressionTree.java
2002.04.03 20:29 B D:\downloads\ftp\LitProg\VPTeX\ExpressionTree.old --> ftp.dcs.gla.ac.uk /users/students3/teams/team01t/newVPTeX/VPTeX ExpressionTree.old
2002.04.03 20:29 B D:\downloads\ftp\LitProg\VPTeX\Keywords.class --> ftp.dcs.gla.ac.uk /users/students3/teams/team01t/newVPTeX/VPTeX Keywords.class
2002.04.03 20:29 B D:\downloads\ftp\LitProg\VPTeX\Keywords.java --> ftp.dcs.gla.ac.uk /users/students3/teams/team01t/newVPTeX/VPTeX Keywords.java
2002.04.03 20:29 B D:\downloads\ftp\LitProg\VPTeX\Keywords.java~ --> ftp.dcs.gla.ac.uk /users/students3/teams/team01t/newVPTeX/VPTeX Keywords.java~
2002.04.03 20:29 B D:\downloads\ftp\LitProg\VPTeX\Line.class --> ftp.dcs.gla.ac.uk /users/students3/teams/team01t/newVPTeX/VPTeX Line.class
2002.04.03 20:29 B D:\downloads\ftp\LitProg\VPTeX\Line.java --> ftp.dcs.gla.ac.uk /users/students3/teams/team01t/newVPTeX/VPTeX Line.java
2002.04.03 20:29 B D:\downloads\ftp\LitProg\VPTeX\Line.java~ --> ftp.dcs.gla.ac.uk /users/students3/teams/team01t/newVPTeX/VPTeX Line.java~
2002.04.03 20:29 B D:\downloads\ftp\LitProg\VPTeX\OperatorError.class --> ftp.dcs.gla.ac.uk /users/students3/teams/team01t/newVPTeX/VPTeX OperatorError.class
2002.04.03 20:29 B D:\downloads\ftp\LitProg\VPTeX\OperatorError.java --> ftp.dcs.gla.ac.uk /users/students3/teams/team01t/newVPTeX/VPTeX OperatorError.java
2002.04.03 20:29 B D:\downloads\ftp\LitProg\VPTeX\PascalFile.class --> ftp.dcs.gla.ac.uk /users/students3/teams/team01t/newVPTeX/VPTeX PascalFile.class
2002.04.03 20:29 B D:\downloads\ftp\LitProg\VPTeX\PascalFile.java --> ftp.dcs.gla.ac.uk /users/students3/teams/team01t/newVPTeX/VPTeX PascalFile.java
2002.04.03 20:29 B D:\downloads\ftp\LitProg\VPTeX\PascalFile.java~ --> ftp.dcs.gla.ac.uk /users/students3/teams/team01t/newVPTeX/VPTeX PascalFile.java~
2002.04.03 20:29 B D:\downloads\ftp\LitProg\VPTeX\PascalReader.class --> ftp.dcs.gla.ac.uk /users/students3/teams/team01t/newVPTeX/VPTeX PascalReader.class
2002.04.03 20:29 B D:\downloads\ftp\LitProg\VPTeX\PascalReader.java --> ftp.dcs.gla.ac.uk /users/students3/teams/team01t/newVPTeX/VPTeX PascalReader.java
2002.04.03 20:29 B D:\downloads\ftp\LitProg\VPTeX\ProcedureEndLine.class --> ftp.dcs.gla.ac.uk /users/students3/teams/team01t/newVPTeX/VPTeX ProcedureEndLine.class
2002.04.03 20:30 B D:\downloads\ftp\LitProg\VPTeX\ProcedureEndLine.java --> ftp.dcs.gla.ac.uk /users/students3/teams/team01t/newVPTeX/VPTeX ProcedureEndLine.java
2002.04.03 20:30 B D:\downloads\ftp\LitProg\VPTeX\ProcedureEndLine.java~ --> ftp.dcs.gla.ac.uk /users/students3/teams/team01t/newVPTeX/VPTeX ProcedureEndLine.java~
2002.04.03 20:30 B D:\downloads\ftp\LitProg\VPTeX\ProcedureLine.class --> ftp.dcs.gla.ac.uk /users/students3/teams/team01t/newVPTeX/VPTeX ProcedureLine.class
2002.04.03 20:30 B D:\downloads\ftp\LitProg\VPTeX\ProcedureLine.java --> ftp.dcs.gla.ac.uk /users/students3/teams/team01t/newVPTeX/VPTeX ProcedureLine.java
2002.04.03 20:30 B D:\downloads\ftp\LitProg\VPTeX\ProcedureLine.java~ --> ftp.dcs.gla.ac.uk /users/students3/teams/team01t/newVPTeX/VPTeX ProcedureLine.java~
2002.04.03 20:30 B D:\downloads\ftp\LitProg\VPTeX\ProjectManager.class --> ftp.dcs.gla.ac.uk /users/students3/teams/team01t/newVPTeX/VPTeX ProjectManager.class
2002.04.03 20:30 B D:\downloads\ftp\LitProg\VPTeX\ProjectManager.java --> ftp.dcs.gla.ac.uk /users/students3/teams/team01t/newVPTeX/VPTeX ProjectManager.java
2002.04.03 20:30 B D:\downloads\ftp\LitProg\VPTeX\ProjectManager.java~ --> ftp.dcs.gla.ac.uk /users/students3/teams/team01t/newVPTeX/VPTeX ProjectManager.java~
2002.04.03 20:30 B D:\downloads\ftp\LitProg\VPTeX\q.log --> ftp.dcs.gla.ac.uk /users/students3/teams/team01t/newVPTeX/VPTeX q.log
2002.04.03 20:30 B D:\downloads\ftp\LitProg\VPTeX\SpecCommentLine.class --> ftp.dcs.gla.ac.uk /users/students3/teams/team01t/newVPTeX/VPTeX SpecCommentLine.class
2002.04.03 20:30 B D:\downloads\ftp\LitProg\VPTeX\SpecCommentLine.java --> ftp.dcs.gla.ac.uk /users/students3/teams/team01t/newVPTeX/VPTeX SpecCommentLine.java
2002.04.03 20:30 B D:\downloads\ftp\LitProg\VPTeX\SpecCommentLine.java~ --> ftp.dcs.gla.ac.uk /users/students3/teams/team01t/newVPTeX/VPTeX SpecCommentLine.java~
2002.04.03 20:30 B D:\downloads\ftp\LitProg\VPTeX\State.class --> ftp.dcs.gla.ac.uk /users/students3/teams/team01t/newVPTeX/VPTeX State.class
2002.04.03 20:30 B D:\downloads\ftp\LitProg\VPTeX\State.jav1a --> ftp.dcs.gla.ac.uk /users/students3/teams/team01t/newVPTeX/VPTeX State.jav1a
2002.04.03 20:30 B D:\downloads\ftp\LitProg\VPTeX\State.java --> ftp.dcs.gla.ac.uk /users/students3/teams/team01t/newVPTeX/VPTeX State.java
2002.04.03 20:30 B D:\downloads\ftp\LitProg\VPTeX\State.java~ --> ftp.dcs.gla.ac.uk /users/students3/teams/team01t/newVPTeX/VPTeX State.java~
2002.04.03 20:30 B D:\downloads\ftp\LitProg\VPTeX\SyntaxError.class --> ftp.dcs.gla.ac.uk /users/students3/teams/team01t/newVPTeX/VPTeX SyntaxError.class
2002.04.03 20:30 B D:\downloads\ftp\LitProg\VPTeX\SyntaxError.java --> ftp.dcs.gla.ac.uk /users/students3/teams/team01t/newVPTeX/VPTeX SyntaxError.java
2002.04.03 20:30 B D:\downloads\ftp\LitProg\VPTeX\Tab$controlStatment.class --> ftp.dcs.gla.ac.uk /users/students3/teams/team01t/newVPTeX/VPTeX Tab$controlStatment.class
2002.04.03 20:30 B D:\downloads\ftp\LitProg\VPTeX\tab.class --> ftp.dcs.gla.ac.uk /users/students3/teams/team01t/newVPTeX/VPTeX tab.class
2002.04.03 20:30 B D:\downloads\ftp\LitProg\VPTeX\Tab.java --> ftp.dcs.gla.ac.uk /users/students3/teams/team01t/newVPTeX/VPTeX Tab.java
2002.04.03 20:30 B D:\downloads\ftp\LitProg\VPTeX\test.class --> ftp.dcs.gla.ac.uk /users/students3/teams/team01t/newVPTeX/VPTeX test.class
2002.04.03 20:30 B D:\downloads\ftp\LitProg\VPTeX\test.java --> ftp.dcs.gla.ac.uk /users/students3/teams/team01t/newVPTeX/VPTeX test.java
2002.04.03 20:30 B D:\downloads\ftp\LitProg\VPTeX\test.java~ --> ftp.dcs.gla.ac.uk /users/students3/teams/team01t/newVPTeX/VPTeX test.java~
2002.04.03 20:30 B D:\downloads\ftp\LitProg\VPTeX\tester.class --> ftp.dcs.gla.ac.uk /users/students3/teams/team01t/newVPTeX/VPTeX tester.class
2002.04.03 20:30 B D:\downloads\ftp\LitProg\VPTeX\tester.java --> ftp.dcs.gla.ac.uk /users/students3/teams/team01t/newVPTeX/VPTeX tester.java
2002.04.03 20:30 B D:\downloads\ftp\LitProg\VPTeX\Tokens.1java --> ftp.dcs.gla.ac.uk /users/students3/teams/team01t/newVPTeX/VPTeX Tokens.1java
2002.04.03 20:30 B D:\downloads\ftp\LitProg\VPTeX\Tokens.class --> ftp.dcs.gla.ac.uk /users/students3/teams/team01t/newVPTeX/VPTeX Tokens.class
2002.04.03 20:30 B D:\downloads\ftp\LitProg\VPTeX\Tokens.java --> ftp.dcs.gla.ac.uk /users/students3/teams/team01t/newVPTeX/VPTeX Tokens.java
2002.04.03 20:30 B D:\downloads\ftp\LitProg\VPTeX\Tuple.class --> ftp.dcs.gla.ac.uk /users/students3/teams/team01t/newVPTeX/VPTeX Tuple.class
2002.04.03 20:30 B D:\downloads\ftp\LitProg\VPTeX\Variable.class --> ftp.dcs.gla.ac.uk /users/students3/teams/team01t/newVPTeX/VPTeX Variable.class
2002.04.03 20:30 B D:\downloads\ftp\LitProg\VPTeX\Variable.java --> ftp.dcs.gla.ac.uk /users/students3/teams/team01t/newVPTeX/VPTeX Variable.java
2002.04.03 20:30 B D:\downloads\ftp\LitProg\VPTeX\Variable.java~ --> ftp.dcs.gla.ac.uk /users/students3/teams/team01t/newVPTeX/VPTeX Variable.java~
2002.04.03 20:30 B D:\downloads\ftp\LitProg\VPTeX\VpLex.class --> ftp.dcs.gla.ac.uk /users/students3/teams/team01t/newVPTeX/VPTeX VpLex.class
2002.04.03 20:30 B D:\downloads\ftp\LitProg\VPTeX\VpLex.html --> ftp.dcs.gla.ac.uk /users/students3/teams/team01t/newVPTeX/VPTeX VpLex.html
2002.04.03 20:30 B D:\downloads\ftp\LitProg\VPTeX\VpLex.java --> ftp.dcs.gla.ac.uk /users/students3/teams/team01t/newVPTeX/VPTeX VpLex.java
2002.04.03 20:30 B D:\downloads\ftp\LitProg\VPTeX\VpMath.class --> ftp.dcs.gla.ac.uk /users/students3/teams/team01t/newVPTeX/VPTeX VpMath.class
2002.04.03 20:30 B D:\downloads\ftp\LitProg\VPTeX\VpMath.html --> ftp.dcs.gla.ac.uk /users/students3/teams/team01t/newVPTeX/VPTeX VpMath.html
2002.04.03 20:31 B D:\downloads\ftp\LitProg\VPTeX\VpMath.java --> ftp.dcs.gla.ac.uk /users/students3/teams/team01t/newVPTeX/VPTeX VpMath.java
2002.04.03 20:31 B D:\downloads\ftp\LitProg\VPTeX\VpMath.java~ --> ftp.dcs.gla.ac.uk /users/students3/teams/team01t/newVPTeX/VPTeX VpMath.java~
2002.04.03 20:31 B D:\downloads\ftp\LitProg\VPTeX\VpMathFont.class --> ftp.dcs.gla.ac.uk /users/students3/teams/team01t/newVPTeX/VPTeX VpMathFont.class
2002.04.03 20:31 B D:\downloads\ftp\LitProg\VPTeX\VpMathFont.html --> ftp.dcs.gla.ac.uk /users/students3/teams/team01t/newVPTeX/VPTeX VpMathFont.html
2002.04.03 20:31 B D:\downloads\ftp\LitProg\VPTeX\VpMathFont.java --> ftp.dcs.gla.ac.uk /users/students3/teams/team01t/newVPTeX/VPTeX VpMathFont.java
2002.04.03 20:31 B D:\downloads\ftp\LitProg\VPTeX\vPTeX.class --> ftp.dcs.gla.ac.uk /users/students3/teams/team01t/newVPTeX/VPTeX vPTeX.class
2002.04.03 20:31 B D:\downloads\ftp\LitProg\VPTeX\vPTeX.java --> ftp.dcs.gla.ac.uk /users/students3/teams/team01t/newVPTeX/VPTeX vPTeX.java
2002.04.03 20:31 B D:\downloads\ftp\LitProg\VPTeX\vPTeX.java~ --> ftp.dcs.gla.ac.uk /users/students3/teams/team01t/newVPTeX/VPTeX vPTeX.java~
2002.04.03 20:31 B D:\downloads\ftp\LitProg\VPTeX\WS_FTP.LOG --> ftp.dcs.gla.ac.uk /users/students3/teams/team01t/newVPTeX/VPTeX WS_FTP.LOG
2002.04.10 23:27 B D:\downloads\ftp\LitProg\VPTeX\CodeLine.class --> ftp.dcs.gla.ac.uk /users/students3/level3/borlankm/Group/VPTeX CodeLine.class
2002.04.10 23:27 B D:\downloads\ftp\LitProg\VPTeX\CodeLine.java --> ftp.dcs.gla.ac.uk /users/students3/level3/borlankm/Group/VPTeX CodeLine.java
2002.04.10 23:27 B D:\downloads\ftp\LitProg\VPTeX\CodeLine.java~ --> ftp.dcs.gla.ac.uk /users/students3/level3/borlankm/Group/VPTeX CodeLine.java~
2002.04.10 23:27 B D:\downloads\ftp\LitProg\VPTeX\CommentLine.class --> ftp.dcs.gla.ac.uk /users/students3/level3/borlankm/Group/VPTeX CommentLine.class
2002.04.10 23:27 B D:\downloads\ftp\LitProg\VPTeX\CommentLine.java --> ftp.dcs.gla.ac.uk /users/students3/level3/borlankm/Group/VPTeX CommentLine.java
2002.04.10 23:27 B D:\downloads\ftp\LitProg\VPTeX\CommentLine.java~ --> ftp.dcs.gla.ac.uk /users/students3/level3/borlankm/Group/VPTeX CommentLine.java~
2002.04.10 23:27 B D:\downloads\ftp\LitProg\VPTeX\DeclarationLine.class --> ftp.dcs.gla.ac.uk /users/students3/level3/borlankm/Group/VPTeX DeclarationLine.class
2002.04.10 23:27 B D:\downloads\ftp\LitProg\VPTeX\DeclarationLine.java --> ftp.dcs.gla.ac.uk /users/students3/level3/borlankm/Group/VPTeX DeclarationLine.java
2002.04.10 23:27 B D:\downloads\ftp\LitProg\VPTeX\EmptyLine.class --> ftp.dcs.gla.ac.uk /users/students3/level3/borlankm/Group/VPTeX EmptyLine.class
2002.04.10 23:27 B D:\downloads\ftp\LitProg\VPTeX\EmptyLine.java --> ftp.dcs.gla.ac.uk /users/students3/level3/borlankm/Group/VPTeX EmptyLine.java
2002.04.10 23:27 B D:\downloads\ftp\LitProg\VPTeX\emtpyLine.java --> ftp.dcs.gla.ac.uk /users/students3/level3/borlankm/Group/VPTeX emtpyLine.java
2002.04.10 23:27 B D:\downloads\ftp\LitProg\VPTeX\ExpressionTree.class --> ftp.dcs.gla.ac.uk /users/students3/level3/borlankm/Group/VPTeX ExpressionTree.class
2002.04.10 23:27 B D:\downloads\ftp\LitProg\VPTeX\ExpressionTree.java --> ftp.dcs.gla.ac.uk /users/students3/level3/borlankm/Group/VPTeX ExpressionTree.java
2002.04.10 23:27 B D:\downloads\ftp\LitProg\VPTeX\ExpressionTree.old --> ftp.dcs.gla.ac.uk /users/students3/level3/borlankm/Group/VPTeX ExpressionTree.old
2002.04.10 23:27 B D:\downloads\ftp\LitProg\VPTeX\Keywords.class --> ftp.dcs.gla.ac.uk /users/students3/level3/borlankm/Group/VPTeX Keywords.class
2002.04.10 23:27 B D:\downloads\ftp\LitProg\VPTeX\Keywords.java --> ftp.dcs.gla.ac.uk /users/students3/level3/borlankm/Group/VPTeX Keywords.java
2002.04.10 23:27 B D:\downloads\ftp\LitProg\VPTeX\Keywords.java~ --> ftp.dcs.gla.ac.uk /users/students3/level3/borlankm/Group/VPTeX Keywords.java~
2002.04.10 23:27 B D:\downloads\ftp\LitProg\VPTeX\Line.class --> ftp.dcs.gla.ac.uk /users/students3/level3/borlankm/Group/VPTeX Line.class
2002.04.10 23:27 B D:\downloads\ftp\LitProg\VPTeX\Line.java --> ftp.dcs.gla.ac.uk /users/students3/level3/borlankm/Group/VPTeX Line.java
2002.04.10 23:27 B D:\downloads\ftp\LitProg\VPTeX\Line.java~ --> ftp.dcs.gla.ac.uk /users/students3/level3/borlankm/Group/VPTeX Line.java~
2002.04.10 23:27 B D:\downloads\ftp\LitProg\VPTeX\OperatorError.class --> ftp.dcs.gla.ac.uk /users/students3/level3/borlankm/Group/VPTeX OperatorError.class
2002.04.10 23:27 B D:\downloads\ftp\LitProg\VPTeX\OperatorError.java --> ftp.dcs.gla.ac.uk /users/students3/level3/borlankm/Group/VPTeX OperatorError.java
2002.04.10 23:27 B D:\downloads\ftp\LitProg\VPTeX\PascalFile.class --> ftp.dcs.gla.ac.uk /users/students3/level3/borlankm/Group/VPTeX PascalFile.class
2002.04.10 23:27 B D:\downloads\ftp\LitProg\VPTeX\PascalFile.java --> ftp.dcs.gla.ac.uk /users/students3/level3/borlankm/Group/VPTeX PascalFile.java
2002.04.10 23:28 B D:\downloads\ftp\LitProg\VPTeX\PascalFile.java~ --> ftp.dcs.gla.ac.uk /users/students3/level3/borlankm/Group/VPTeX PascalFile.java~
2002.04.10 23:28 B D:\downloads\ftp\LitProg\VPTeX\PascalReader.class --> ftp.dcs.gla.ac.uk /users/students3/level3/borlankm/Group/VPTeX PascalReader.class
2002.04.10 23:28 B D:\downloads\ftp\LitProg\VPTeX\PascalReader.java --> ftp.dcs.gla.ac.uk /users/students3/level3/borlankm/Group/VPTeX PascalReader.java
2002.04.10 23:28 B D:\downloads\ftp\LitProg\VPTeX\ProcedureEndLine.class --> ftp.dcs.gla.ac.uk /users/students3/level3/borlankm/Group/VPTeX ProcedureEndLine.class
2002.04.10 23:28 B D:\downloads\ftp\LitProg\VPTeX\ProcedureEndLine.java --> ftp.dcs.gla.ac.uk /users/students3/level3/borlankm/Group/VPTeX ProcedureEndLine.java
2002.04.10 23:28 B D:\downloads\ftp\LitProg\VPTeX\ProcedureEndLine.java~ --> ftp.dcs.gla.ac.uk /users/students3/level3/borlankm/Group/VPTeX ProcedureEndLine.java~
2002.04.10 23:28 B D:\downloads\ftp\LitProg\VPTeX\ProcedureLine.class --> ftp.dcs.gla.ac.uk /users/students3/level3/borlankm/Group/VPTeX ProcedureLine.class
2002.04.10 23:28 B D:\downloads\ftp\LitProg\VPTeX\ProcedureLine.java --> ftp.dcs.gla.ac.uk /users/students3/level3/borlankm/Group/VPTeX ProcedureLine.java
2002.04.10 23:28 B D:\downloads\ftp\LitProg\VPTeX\ProcedureLine.java~ --> ftp.dcs.gla.ac.uk /users/students3/level3/borlankm/Group/VPTeX ProcedureLine.java~
2002.04.10 23:28 B D:\downloads\ftp\LitProg\VPTeX\ProjectManager.class --> ftp.dcs.gla.ac.uk /users/students3/level3/borlankm/Group/VPTeX ProjectManager.class
2002.04.10 23:28 B D:\downloads\ftp\LitProg\VPTeX\ProjectManager.java --> ftp.dcs.gla.ac.uk /users/students3/level3/borlankm/Group/VPTeX ProjectManager.java
2002.04.10 23:28 B D:\downloads\ftp\LitProg\VPTeX\ProjectManager.java~ --> ftp.dcs.gla.ac.uk /users/students3/level3/borlankm/Group/VPTeX ProjectManager.java~
2002.04.10 23:28 B D:\downloads\ftp\LitProg\VPTeX\q.log --> ftp.dcs.gla.ac.uk /users/students3/level3/borlankm/Group/VPTeX q.log
2002.04.10 23:28 B D:\downloads\ftp\LitProg\VPTeX\SpecCommentLine.class --> ftp.dcs.gla.ac.uk /users/students3/level3/borlankm/Group/VPTeX SpecCommentLine.class
2002.04.10 23:28 B D:\downloads\ftp\LitProg\VPTeX\SpecCommentLine.java --> ftp.dcs.gla.ac.uk /users/students3/level3/borlankm/Group/VPTeX SpecCommentLine.java
2002.04.10 23:28 B D:\downloads\ftp\LitProg\VPTeX\SpecCommentLine.java~ --> ftp.dcs.gla.ac.uk /users/students3/level3/borlankm/Group/VPTeX SpecCommentLine.java~
2002.04.10 23:28 B D:\downloads\ftp\LitProg\VPTeX\State.class --> ftp.dcs.gla.ac.uk /users/students3/level3/borlankm/Group/VPTeX State.class
2002.04.10 23:28 B D:\downloads\ftp\LitProg\VPTeX\State.jav1a --> ftp.dcs.gla.ac.uk /users/students3/level3/borlankm/Group/VPTeX State.jav1a
2002.04.10 23:28 B D:\downloads\ftp\LitProg\VPTeX\State.java --> ftp.dcs.gla.ac.uk /users/students3/level3/borlankm/Group/VPTeX State.java
2002.04.10 23:28 B D:\downloads\ftp\LitProg\VPTeX\State.java~ --> ftp.dcs.gla.ac.uk /users/students3/level3/borlankm/Group/VPTeX State.java~
2002.04.10 23:28 B D:\downloads\ftp\LitProg\VPTeX\SyntaxError.class --> ftp.dcs.gla.ac.uk /users/students3/level3/borlankm/Group/VPTeX SyntaxError.class
2002.04.10 23:28 B D:\downloads\ftp\LitProg\VPTeX\SyntaxError.java --> ftp.dcs.gla.ac.uk /users/students3/level3/borlankm/Group/VPTeX SyntaxError.java
2002.04.10 23:28 B D:\downloads\ftp\LitProg\VPTeX\Tab$controlStatment.class --> ftp.dcs.gla.ac.uk /users/students3/level3/borlankm/Group/VPTeX Tab$controlStatment.class
2002.04.10 23:28 B D:\downloads\ftp\LitProg\VPTeX\tab.class --> ftp.dcs.gla.ac.uk /users/students3/level3/borlankm/Group/VPTeX tab.class
2002.04.10 23:28 B D:\downloads\ftp\LitProg\VPTeX\Tab.java --> ftp.dcs.gla.ac.uk /users/students3/level3/borlankm/Group/VPTeX Tab.java
2002.04.10 23:28 B D:\downloads\ftp\LitProg\VPTeX\test.class --> ftp.dcs.gla.ac.uk /users/students3/level3/borlankm/Group/VPTeX test.class
2002.04.10 23:28 B D:\downloads\ftp\LitProg\VPTeX\test.java~ --> ftp.dcs.gla.ac.uk /users/students3/level3/borlankm/Group/VPTeX test.java~
2002.04.10 23:28 B D:\downloads\ftp\LitProg\VPTeX\tester.class --> ftp.dcs.gla.ac.uk /users/students3/level3/borlankm/Group/VPTeX tester.class
2002.04.10 23:28 B D:\downloads\ftp\LitProg\VPTeX\Tokens.1java --> ftp.dcs.gla.ac.uk /users/students3/level3/borlankm/Group/VPTeX Tokens.1java
2002.04.10 23:28 B D:\downloads\ftp\LitProg\VPTeX\Tokens.class --> ftp.dcs.gla.ac.uk /users/students3/level3/borlankm/Group/VPTeX Tokens.class
2002.04.10 23:28 B D:\downloads\ftp\LitProg\VPTeX\Tokens.java --> ftp.dcs.gla.ac.uk /users/students3/level3/borlankm/Group/VPTeX Tokens.java
2002.04.10 23:28 B D:\downloads\ftp\LitProg\VPTeX\Tuple.class --> ftp.dcs.gla.ac.uk /users/students3/level3/borlankm/Group/VPTeX Tuple.class
2002.04.10 23:28 B D:\downloads\ftp\LitProg\VPTeX\Variable.class --> ftp.dcs.gla.ac.uk /users/students3/level3/borlankm/Group/VPTeX Variable.class
2002.04.10 23:28 B D:\downloads\ftp\LitProg\VPTeX\Variable.java --> ftp.dcs.gla.ac.uk /users/students3/level3/borlankm/Group/VPTeX Variable.java
2002.04.10 23:28 B D:\downloads\ftp\LitProg\VPTeX\Variable.java~ --> ftp.dcs.gla.ac.uk /users/students3/level3/borlankm/Group/VPTeX Variable.java~
2002.04.10 23:28 B D:\downloads\ftp\LitProg\VPTeX\VpLex.class --> ftp.dcs.gla.ac.uk /users/students3/level3/borlankm/Group/VPTeX VpLex.class
2002.04.10 23:28 B D:\downloads\ftp\LitProg\VPTeX\VpLex.html --> ftp.dcs.gla.ac.uk /users/students3/level3/borlankm/Group/VPTeX VpLex.html
2002.04.10 23:29 B D:\downloads\ftp\LitProg\VPTeX\VpLex.java --> ftp.dcs.gla.ac.uk /users/students3/level3/borlankm/Group/VPTeX VpLex.java
2002.04.10 23:29 B D:\downloads\ftp\LitProg\VPTeX\VpMath.class --> ftp.dcs.gla.ac.uk /users/students3/level3/borlankm/Group/VPTeX VpMath.class
2002.04.10 23:29 B D:\downloads\ftp\LitProg\VPTeX\VpMath.html --> ftp.dcs.gla.ac.uk /users/students3/level3/borlankm/Group/VPTeX VpMath.html
2002.04.10 23:29 B D:\downloads\ftp\LitProg\VPTeX\VpMath.java --> ftp.dcs.gla.ac.uk /users/students3/level3/borlankm/Group/VPTeX VpMath.java
2002.04.10 23:29 B D:\downloads\ftp\LitProg\VPTeX\VpMath.java~ --> ftp.dcs.gla.ac.uk /users/students3/level3/borlankm/Group/VPTeX VpMath.java~
2002.04.10 23:29 B D:\downloads\ftp\LitProg\VPTeX\VpMathFont.class --> ftp.dcs.gla.ac.uk /users/students3/level3/borlankm/Group/VPTeX VpMathFont.class
2002.04.10 23:29 B D:\downloads\ftp\LitProg\VPTeX\VpMathFont.html --> ftp.dcs.gla.ac.uk /users/students3/level3/borlankm/Group/VPTeX VpMathFont.html
2002.04.10 23:29 B D:\downloads\ftp\LitProg\VPTeX\VpMathFont.java --> ftp.dcs.gla.ac.uk /users/students3/level3/borlankm/Group/VPTeX VpMathFont.java
2002.04.10 23:29 B D:\downloads\ftp\LitProg\VPTeX\vPTeX.class --> ftp.dcs.gla.ac.uk /users/students3/level3/borlankm/Group/VPTeX vPTeX.class
2002.04.10 23:29 B D:\downloads\ftp\LitProg\VPTeX\vPTeX.java --> ftp.dcs.gla.ac.uk /users/students3/level3/borlankm/Group/VPTeX vPTeX.java
2002.04.10 23:29 B D:\downloads\ftp\LitProg\VPTeX\vPTeX.java~ --> ftp.dcs.gla.ac.uk /users/students3/level3/borlankm/Group/VPTeX vPTeX.java~
